============================= test session starts ==============================
platform darwin -- Python 3.9.6, pytest-8.4.2, pluggy-1.6.0 -- /Library/Developer/CommandLineTools/usr/bin/python3
cachedir: .pytest_cache
hypothesis profile 'default'
django: version: 4.2.30, settings: config.settings (from ini)
rootdir: /Users/apple/Documents/Proyecto-Challenge_Apuestas-Arnold-Quiroz
configfile: pytest.ini
plugins: anyio-4.12.1, cov-7.1.0, hypothesis-6.141.1, django-4.11.1
collecting ... collected 164 items

apps/accounts/tests/test_models.py::TestCustomUser::test_crear_usuario ERROR [  0%]
apps/accounts/tests/test_models.py::TestCustomUser::test_pk_es_uuid ERROR [  1%]
apps/accounts/tests/test_models.py::TestCustomUser::test_username_unico ERROR [  1%]
apps/accounts/tests/test_models.py::TestCustomUser::test_crear_superuser ERROR [  2%]
apps/accounts/tests/test_models.py::TestCustomUser::test_str_retorna_username ERROR [  3%]
apps/accounts/tests/test_models.py::TestPerfilKYC::test_estado_inicial_es_pending ERROR [  3%]
apps/accounts/tests/test_models.py::TestPerfilKYC::test_transicion_pending_a_verified ERROR [  4%]
apps/accounts/tests/test_models.py::TestPerfilKYC::test_puede_apostar_solo_si_verified ERROR [  4%]
apps/accounts/tests/test_models.py::TestPerfilKYC::test_autoexclusion_temporal ERROR [  5%]
apps/accounts/tests/test_models.py::TestPerfilKYC::test_autoexclusion_expirada ERROR [  6%]
apps/accounts/tests/test_models.py::TestPerfilKYC::test_autoexclusion_indefinida ERROR [  6%]
apps/accounts/tests/test_models.py::TestPerfilKYC::test_dni_unico ERROR  [  7%]
apps/accounts/tests/test_models.py::TestRegistroIdempotencia::test_crear_registro ERROR [  7%]
apps/accounts/tests/test_models.py::TestRegistroIdempotencia::test_restriccion_unique_user_key ERROR [  8%]
apps/accounts/tests/test_views.py::TestRegistroView::test_registro_exitoso ERROR [  9%]
apps/accounts/tests/test_views.py::TestRegistroView::test_registro_menor_de_edad ERROR [  9%]
apps/accounts/tests/test_views.py::TestRegistroView::test_registro_dni_invalido ERROR [ 10%]
apps/accounts/tests/test_views.py::TestRegistroView::test_registro_passwords_no_coinciden ERROR [ 10%]
apps/accounts/tests/test_views.py::TestRegistroView::test_registro_username_duplicado ERROR [ 11%]
apps/accounts/tests/test_views.py::TestLoginView::test_login_exitoso ERROR [ 12%]
apps/accounts/tests/test_views.py::TestLoginView::test_login_credenciales_incorrectas ERROR [ 12%]
apps/accounts/tests/test_views.py::TestPerfilView::test_perfil_autenticado ERROR [ 13%]
apps/accounts/tests/test_views.py::TestPerfilView::test_perfil_sin_autenticacion ERROR [ 14%]
apps/accounts/tests/test_views.py::TestVerificarKYCView::test_staff_puede_verificar ERROR [ 14%]
apps/accounts/tests/test_views.py::TestVerificarKYCView::test_no_staff_no_puede_verificar ERROR [ 15%]
apps/accounts/tests/test_views.py::TestLimitesView::test_ver_limites ERROR [ 15%]
apps/accounts/tests/test_views.py::TestLimitesView::test_bajar_limite_inmediato ERROR [ 16%]
apps/accounts/tests/test_views.py::TestLimitesView::test_subir_limite_requiere_cooldown ERROR [ 17%]
apps/accounts/tests/test_views.py::TestAutoexclusionView::test_autoexclusion_30_dias ERROR [ 17%]
apps/accounts/tests/test_views.py::TestAutoexclusionView::test_autoexclusion_indefinida ERROR [ 18%]
apps/accounts/tests/test_views.py::TestAutoexclusionView::test_duracion_invalida ERROR [ 18%]
apps/betting/tests.py::TestPlaceSimpleBet::test_exito_apuesta_simple ERROR [ 19%]
apps/betting/tests.py::TestPlaceSimpleBet::test_politica_recotizacion_bloquea_cambios ERROR [ 20%]
apps/betting/tests.py::TestPlaceSimpleBet::test_idempotencia_evita_doble_ticket ERROR [ 20%]
apps/betting/tests.py::TestPlaceSimpleBet::test_stake_minimo_10_rechazado ERROR [ 21%]
apps/betting/tests.py::TestPlaceSimpleBet::test_limite_dinamico_20000_rechazado ERROR [ 21%]
apps/betting/tests.py::TestSettleBet::test_liquidar_apuesta_ganadora ERROR [ 22%]
apps/betting/tests.py::TestSettleBet::test_liquidar_apuesta_perdedora ERROR [ 23%]
apps/betting/tests.py::TestSettleBet::test_liquidar_apuesta_anulada ERROR [ 23%]
apps/betting/tests.py::TestSettleBet::test_evitar_doble_liquidacion ERROR [ 24%]
apps/betting/tests.py::TestPlaceAccaBet::test_exito_apuesta_combinada ERROR [ 25%]
apps/betting/tests.py::TestPlaceAccaBet::test_bloqueo_seleccion_mutuamente_excluyente ERROR [ 25%]
apps/betting/tests.py::TestPlaceAccaBet::test_acca_mas_de_5_selecciones_rechazada ERROR [ 26%]
apps/betting/tests.py::TestSettleAccaBet::test_void_parcial_recalcula_cuota ERROR [ 26%]
apps/betting/tests.py::TestSettleAccaBet::test_lost_en_una_seleccion_pierde_todo ERROR [ 27%]
apps/betting/tests.py::TestCashOutBet::test_exito_cash_out_calculo_exacto ERROR [ 28%]
apps/betting/tests.py::TestCashOutBet::test_bloqueo_cash_out_apuesta_no_activa ERROR [ 28%]
apps/betting/tests.py::TestCashOutBet::test_cashout_rechazado_cuota_menor_a_1 ERROR [ 29%]
apps/betting/tests.py::TestCashOutBet::test_cashout_bloqueado_10_min_antes ERROR [ 29%]
apps/markets/tests.py::TestEventList::test_listar_eventos ERROR          [ 30%]
apps/markets/tests.py::TestEventList::test_filtrar_por_deporte ERROR     [ 31%]
apps/markets/tests.py::TestEventList::test_filtrar_por_estado ERROR      [ 31%]
apps/markets/tests.py::TestEventList::test_buscar_por_nombre ERROR       [ 32%]
apps/markets/tests.py::TestEventDetail::test_detalle_evento ERROR        [ 32%]
apps/markets/tests.py::TestEventDetail::test_evento_inexistente ERROR    [ 33%]
apps/markets/tests.py::TestEventMarkets::test_mercados_de_evento ERROR   [ 34%]
apps/markets/tests.py::TestMarketSelections::test_selecciones_de_mercado ERROR [ 34%]
apps/markets/tests.py::TestMarketSelections::test_odds_son_decimal ERROR [ 35%]
apps/markets/tests.py::TestEventModel::test_estado_inicial_es_scheduled ERROR [ 35%]
apps/markets/tests.py::TestEventModel::test_str_evento ERROR             [ 36%]
apps/markets/tests.py::TestMarketModel::test_mercado_activo_por_defecto ERROR [ 37%]
apps/markets/tests.py::TestMarketModel::test_str_mercado ERROR           [ 37%]
apps/markets/tests.py::TestSelectionModel::test_seleccion_str ERROR      [ 38%]
apps/payments/tests.py::PaymentsAPITests::test_deposit_above_maximum_rejected ERROR [ 39%]
apps/payments/tests.py::PaymentsAPITests::test_deposit_below_minimum_rejected ERROR [ 39%]
apps/payments/tests.py::PaymentsAPITests::test_deposit_credits_balance_instantly ERROR [ 40%]
apps/payments/tests.py::PaymentsAPITests::test_deposit_idempotency_returns_same_transaction ERROR [ 40%]
apps/payments/tests.py::PaymentsAPITests::test_deposit_rejects_more_than_four_decimals ERROR [ 41%]
apps/payments/tests.py::PaymentsAPITests::test_deposit_requires_idempotency_key ERROR [ 42%]
apps/payments/tests.py::PaymentsAPITests::test_transactions_history_lists_movements ERROR [ 42%]
apps/payments/tests.py::PaymentsAPITests::test_withdraw_below_minimum_rejected ERROR [ 43%]
apps/payments/tests.py::PaymentsAPITests::test_withdraw_insufficient_funds_rejected ERROR [ 43%]
apps/payments/tests.py::PaymentsAPITests::test_withdraw_without_kyc_forbidden ERROR [ 44%]
apps/wallet/tests/test_api.py::test_wallet_balance_endpoint_returns_derived_balance ERROR [ 45%]
apps/wallet/tests/test_api.py::test_wallet_balance_endpoint_returns_account_breakdown ERROR [ 45%]
apps/wallet/tests/test_api.py::test_wallet_history_endpoint_returns_movements_ordered_without_sensitive_accounts ERROR [ 46%]
apps/wallet/tests/test_api.py::test_wallet_deposit_endpoint_requires_idempotency_key ERROR [ 46%]
apps/wallet/tests/test_api.py::test_wallet_deposit_endpoint_creates_simulated_deposit ERROR [ 47%]
apps/wallet/tests/test_api.py::test_wallet_deposit_endpoint_rejects_float_amount ERROR [ 48%]
apps/wallet/tests/test_api.py::test_wallet_deposit_endpoint_replays_same_idempotency_key ERROR [ 48%]
apps/wallet/tests/test_api.py::test_wallet_deposit_endpoint_rejects_idempotency_conflict ERROR [ 49%]
apps/wallet/tests/test_api.py::test_wallet_withdraw_endpoint_requires_idempotency_key ERROR [ 50%]
apps/wallet/tests/test_api.py::test_wallet_withdraw_endpoint_creates_simulated_withdrawal ERROR [ 50%]
apps/wallet/tests/test_api.py::test_wallet_withdraw_endpoint_rejects_insufficient_balance ERROR [ 51%]
apps/wallet/tests/test_api.py::test_wallet_bonuses_endpoint_lists_promotional_campaigns ERROR [ 51%]
apps/wallet/tests/test_api.py::test_wallet_bonus_redeem_endpoint_applies_welcome_bonus ERROR [ 52%]
apps/wallet/tests/test_audit.py::test_deposit_simulated_emits_audit_event ERROR [ 53%]
apps/wallet/tests/test_audit.py::test_withdraw_simulated_emits_audit_event ERROR [ 53%]
apps/wallet/tests/test_audit.py::test_internal_transfer_emits_audit_event ERROR [ 54%]
apps/wallet/tests/test_audit.py::test_failed_wallet_operation_does_not_emit_audit_event ERROR [ 54%]
apps/wallet/tests/test_audit.py::test_idempotent_replay_does_not_emit_duplicate_audit_event ERROR [ 55%]
apps/wallet/tests/test_balance.py::test_wallet_balance_starts_at_zero_without_movements ERROR [ 56%]
apps/wallet/tests/test_balance.py::test_credit_in_user_wallet_increases_balance ERROR [ 56%]
apps/wallet/tests/test_balance.py::test_debit_in_user_wallet_reduces_balance ERROR [ 57%]
apps/wallet/tests/test_balance.py::test_house_movements_do_not_affect_user_wallet_balance ERROR [ 57%]
apps/wallet/tests/test_balance.py::test_wallet_balance_is_not_read_from_user_balance_field ERROR [ 58%]
apps/wallet/tests/test_balance.py::test_wallet_balance_sums_multiple_transactions_for_user_wallet_only ERROR [ 59%]
apps/wallet/tests/test_bonus_services.py::test_seed_default_bonus_campaigns_creates_three_campaigns ERROR [ 59%]
apps/wallet/tests/test_bonus_services.py::test_redeem_welcome_bonus_once_and_credit_bonus_balance ERROR [ 60%]
apps/wallet/tests/test_bonus_services.py::test_welcome_bonus_double_redemption_fails ERROR [ 60%]
apps/wallet/tests/test_bonus_services.py::test_first_deposit_bonus_fails_without_sufficient_first_deposit ERROR [ 61%]
apps/wallet/tests/test_bonus_services.py::test_first_deposit_bonus_credits_thirty_when_condition_is_met ERROR [ 62%]
apps/wallet/tests/test_bonus_services.py::test_responsible_gaming_bonus_credits_twenty_when_limit_exists ERROR [ 62%]
apps/wallet/tests/test_bonus_services.py::test_unknown_bonus_code_raises_controlled_error ERROR [ 63%]
apps/wallet/tests/test_bonus_services.py::test_bonus_transaction_is_balanced ERROR [ 64%]
apps/wallet/tests/test_bonus_services.py::test_bonus_balance_is_derived_from_ledger_entries ERROR [ 64%]
apps/wallet/tests/test_bonus_services.py::test_withdrawal_is_blocked_until_bonus_bets_are_completed ERROR [ 65%]
apps/wallet/tests/test_idempotency.py::test_deposit_simulated_with_same_idempotency_key_creates_only_one_transaction ERROR [ 65%]
apps/wallet/tests/test_idempotency.py::test_deposit_simulated_rejects_same_idempotency_key_with_different_payload ERROR [ 66%]
apps/wallet/tests/test_idempotency.py::test_withdraw_simulated_with_same_idempotency_key_creates_only_one_transaction ERROR [ 67%]
apps/wallet/tests/test_idempotency.py::test_withdraw_simulated_rejects_same_idempotency_key_with_different_payload ERROR [ 67%]
apps/wallet/tests/test_idempotency.py::test_internal_transfer_with_same_idempotency_key_creates_only_one_transaction ERROR [ 68%]
apps/wallet/tests/test_idempotency.py::test_internal_transfer_rejects_same_idempotency_key_with_different_payload ERROR [ 68%]
apps/wallet/tests/test_models.py::test_ledger_entry_amount_must_be_greater_than_zero ERROR [ 69%]
apps/wallet/tests/test_models.py::test_house_account_allows_null_account_owner ERROR [ 70%]
apps/wallet/tests/test_models.py::test_user_owned_accounts_require_account_owner[USER_WALLET] ERROR [ 70%]
apps/wallet/tests/test_models.py::test_user_owned_accounts_require_account_owner[PENDING_BETS] ERROR [ 71%]
apps/wallet/tests/test_models.py::test_user_owned_accounts_require_account_owner[BONUS] ERROR [ 71%]
apps/wallet/tests/test_properties.py::test_property_every_service_transaction_is_balanced ERROR [ 72%]
apps/wallet/tests/test_properties.py::test_property_valid_deposit_withdraw_sequences_never_make_balance_negative ERROR [ 73%]
apps/wallet/tests/test_properties.py::test_property_valid_amounts_are_preserved_as_decimal_with_four_places ERROR [ 73%]
apps/wallet/tests/test_services.py::test_deposit_simulated_creates_balanced_deposit_and_increases_balance ERROR [ 74%]
apps/wallet/tests/test_services.py::test_withdraw_simulated_creates_balanced_withdrawal_and_reduces_balance ERROR [ 75%]
apps/wallet/tests/test_services.py::test_internal_transfer_creates_balanced_debit_and_credit_entries ERROR [ 75%]
apps/wallet/tests/test_services.py::test_withdraw_simulated_fails_without_sufficient_balance_and_creates_no_entries ERROR [ 76%]
apps/wallet/tests/test_services.py::test_failed_operation_does_not_leave_partial_transaction_or_entries ERROR [ 76%]
apps/wallet/tests/test_concurrency.py::test_concurrent_withdrawals_do_not_overspend_wallet ERROR [ 77%]
apps/accounts/tests/test_validators.py::TestValidadorDNI::test_dni_valido_ejemplo_1 PASSED [ 78%]
apps/accounts/tests/test_validators.py::TestValidadorDNI::test_dni_valido_ejemplo_2 PASSED [ 78%]
apps/accounts/tests/test_validators.py::TestValidadorDNI::test_dni_invalido_digito_verificador PASSED [ 79%]
apps/accounts/tests/test_validators.py::TestValidadorDNI::test_dni_longitud_incorrecta PASSED [ 79%]
apps/accounts/tests/test_validators.py::TestValidadorDNI::test_dni_con_letras PASSED [ 80%]
apps/accounts/tests/test_validators.py::TestValidadorDNI::test_dni_vacio PASSED [ 81%]
apps/accounts/tests/test_validators.py::TestValidadorDNI::test_dni_con_espacios PASSED [ 81%]
apps/accounts/tests/test_validators.py::TestValidadorDNI::test_dni_9_digitos PASSED [ 82%]
apps/accounts/tests/test_validators.py::TestValidadorMayoriaDeEdad::test_mayor_de_18_exacto PASSED [ 82%]
apps/accounts/tests/test_validators.py::TestValidadorMayoriaDeEdad::test_mayor_de_18_adulto PASSED [ 83%]
apps/accounts/tests/test_validators.py::TestValidadorMayoriaDeEdad::test_menor_de_18_lanza_error PASSED [ 84%]
apps/accounts/tests/test_validators.py::TestValidadorMayoriaDeEdad::test_recien_nacido_lanza_error PASSED [ 84%]
apps/accounts/tests/test_validators.py::TestValidadorMayoriaDeEdad::test_17_anos_11_meses_lanza_error PASSED [ 85%]
apps/wallet/tests/test_models.py::test_transaction_model_has_required_fields PASSED [ 85%]
apps/wallet/tests/test_models.py::test_ledger_entry_model_has_required_fields PASSED [ 86%]
apps/wallet/tests/test_models.py::test_ledger_entry_account_choices_are_limited_to_wallet_accounts PASSED [ 87%]
apps/wallet/tests/test_models.py::test_ledger_entry_direction_choices_are_limited_to_debit_and_credit PASSED [ 87%]
apps/wallet/tests/test_models.py::test_ledger_entry_amount_is_decimal_18_4 PASSED [ 88%]
tests/unit/test_money.py::test_normalize_money_returns_decimal_with_four_places[10-expected0] PASSED [ 89%]
tests/unit/test_money.py::test_normalize_money_returns_decimal_with_four_places[10.5-expected1] PASSED [ 89%]
tests/unit/test_money.py::test_normalize_money_returns_decimal_with_four_places[10.5000-expected2] PASSED [ 90%]
tests/unit/test_money.py::test_normalize_money_returns_decimal_with_four_places[raw_amount3-expected3] PASSED [ 90%]
tests/unit/test_money.py::test_normalize_money_returns_decimal_with_four_places[1-expected4] PASSED [ 91%]
tests/unit/test_money.py::test_normalize_money_rejects_float_amounts[10.5] PASSED [ 92%]
tests/unit/test_money.py::test_normalize_money_rejects_float_amounts[0.1] PASSED [ 92%]
tests/unit/test_money.py::test_normalize_money_rejects_negative_amounts[-0.0001] PASSED [ 93%]
tests/unit/test_money.py::test_normalize_money_rejects_negative_amounts[-10.0000] PASSED [ 93%]
tests/unit/test_money.py::test_normalize_money_rejects_negative_amounts[raw_amount2] PASSED [ 94%]
tests/unit/test_money.py::test_normalize_money_rejects_negative_amounts[-1] PASSED [ 95%]
tests/unit/test_money.py::test_normalize_money_rejects_zero_amounts[0_0] PASSED [ 95%]
tests/unit/test_money.py::test_normalize_money_rejects_zero_amounts[0.0000] PASSED [ 96%]
tests/unit/test_money.py::test_normalize_money_rejects_zero_amounts[raw_amount2] PASSED [ 96%]
tests/unit/test_money.py::test_normalize_money_rejects_zero_amounts[0_1] PASSED [ 97%]
tests/unit/test_money.py::test_normalize_money_accepts_valid_numeric_string PASSED [ 98%]
tests/unit/test_money.py::test_normalize_money_result_always_keeps_four_decimal_places[3] PASSED [ 98%]
tests/unit/test_money.py::test_normalize_money_result_always_keeps_four_decimal_places[3.2] PASSED [ 99%]
tests/unit/test_money.py::test_normalize_money_result_always_keeps_four_decimal_places[raw_amount2] PASSED [100%]

==================================== ERRORS ====================================
_____________ ERROR at setup of TestCustomUser.test_crear_usuario ______________
../../Library/Python/3.9/lib/python/site-packages/django/db/backends/base/base.py:288: in ensure_connection
    self.connect()
../../Library/Python/3.9/lib/python/site-packages/django/utils/asyncio.py:26: in inner
    return func(*args, **kwargs)
../../Library/Python/3.9/lib/python/site-packages/django/db/backends/base/base.py:269: in connect
    self.connection = self.get_new_connection(conn_params)
../../Library/Python/3.9/lib/python/site-packages/django/utils/asyncio.py:26: in inner
    return func(*args, **kwargs)
../../Library/Python/3.9/lib/python/site-packages/django/db/backends/postgresql/base.py:275: in get_new_connection
    connection = self.Database.connect(**conn_params)
../../Library/Python/3.9/lib/python/site-packages/psycopg2/__init__.py:122: in connect
    conn = _connect(dsn, connection_factory=connection_factory, **kwasync)
E   psycopg2.OperationalError: could not translate host name "db" to address: nodename nor servname provided, or not known

The above exception was the direct cause of the following exception:
../../Library/Python/3.9/lib/python/site-packages/django/db/backends/postgresql/base.py:400: in _nodb_cursor
    with super()._nodb_cursor() as cursor:
/Library/Developer/CommandLineTools/Library/Frameworks/Python3.framework/Versions/3.9/lib/python3.9/contextlib.py:117: in __enter__
    return next(self.gen)
../../Library/Python/3.9/lib/python/site-packages/django/db/backends/base/base.py:721: in _nodb_cursor
    with conn.cursor() as cursor:
../../Library/Python/3.9/lib/python/site-packages/django/utils/asyncio.py:26: in inner
    return func(*args, **kwargs)
../../Library/Python/3.9/lib/python/site-packages/django/db/backends/base/base.py:329: in cursor
    return self._cursor()
../../Library/Python/3.9/lib/python/site-packages/django/db/backends/base/base.py:305: in _cursor
    self.ensure_connection()
../../Library/Python/3.9/lib/python/site-packages/django/utils/asyncio.py:26: in inner
    return func(*args, **kwargs)
../../Library/Python/3.9/lib/python/site-packages/django/db/backends/base/base.py:288: in ensure_connection
    self.connect()
../../Library/Python/3.9/lib/python/site-packages/django/db/utils.py:91: in __exit__
    raise dj_exc_value.with_traceback(traceback) from exc_value
../../Library/Python/3.9/lib/python/site-packages/django/db/backends/base/base.py:288: in ensure_connection
    self.connect()
../../Library/Python/3.9/lib/python/site-packages/django/utils/asyncio.py:26: in inner
    return func(*args, **kwargs)
../../Library/Python/3.9/lib/python/site-packages/django/db/backends/base/base.py:269: in connect
    self.connection = self.get_new_connection(conn_params)
../../Library/Python/3.9/lib/python/site-packages/django/utils/asyncio.py:26: in inner
    return func(*args, **kwargs)
../../Library/Python/3.9/lib/python/site-packages/django/db/backends/postgresql/base.py:275: in get_new_connection
    connection = self.Database.connect(**conn_params)
../../Library/Python/3.9/lib/python/site-packages/psycopg2/__init__.py:122: in connect
    conn = _connect(dsn, connection_factory=connection_factory, **kwasync)
E   django.db.utils.OperationalError: could not translate host name "db" to address: nodename nor servname provided, or not known

During handling of the above exception, another exception occurred:
../../Library/Python/3.9/lib/python/site-packages/django/db/backends/base/base.py:288: in ensure_connection
    self.connect()
../../Library/Python/3.9/lib/python/site-packages/django/utils/asyncio.py:26: in inner
    return func(*args, **kwargs)
../../Library/Python/3.9/lib/python/site-packages/django/db/backends/base/base.py:269: in connect
    self.connection = self.get_new_connection(conn_params)
../../Library/Python/3.9/lib/python/site-packages/django/utils/asyncio.py:26: in inner
    return func(*args, **kwargs)
../../Library/Python/3.9/lib/python/site-packages/django/db/backends/postgresql/base.py:275: in get_new_connection
    connection = self.Database.connect(**conn_params)
../../Library/Python/3.9/lib/python/site-packages/psycopg2/__init__.py:122: in connect
    conn = _connect(dsn, connection_factory=connection_factory, **kwasync)
E   psycopg2.OperationalError: could not translate host name "db" to address: nodename nor servname provided, or not known

The above exception was the direct cause of the following exception:
../../Library/Python/3.9/lib/python/site-packages/pytest_django/fixtures.py:198: in django_db_setup
    db_cfg = setup_databases(
../../Library/Python/3.9/lib/python/site-packages/django/test/utils.py:221: in setup_databases
    connection.creation.create_test_db(
../../Library/Python/3.9/lib/python/site-packages/django/db/backends/base/creation.py:62: in create_test_db
    self._create_test_db(verbosity, autoclobber, keepdb)
../../Library/Python/3.9/lib/python/site-packages/django/db/backends/base/creation.py:199: in _create_test_db
    with self._nodb_cursor() as cursor:
/Library/Developer/CommandLineTools/Library/Frameworks/Python3.framework/Versions/3.9/lib/python3.9/contextlib.py:117: in __enter__
    return next(self.gen)
../../Library/Python/3.9/lib/python/site-packages/django/db/backends/postgresql/base.py:426: in _nodb_cursor
    with conn.cursor() as cursor:
../../Library/Python/3.9/lib/python/site-packages/django/utils/asyncio.py:26: in inner
    return func(*args, **kwargs)
../../Library/Python/3.9/lib/python/site-packages/django/db/backends/base/base.py:329: in cursor
    return self._cursor()
../../Library/Python/3.9/lib/python/site-packages/django/db/backends/base/base.py:305: in _cursor
    self.ensure_connection()
../../Library/Python/3.9/lib/python/site-packages/django/utils/asyncio.py:26: in inner
    return func(*args, **kwargs)
../../Library/Python/3.9/lib/python/site-packages/django/db/backends/base/base.py:288: in ensure_connection
    self.connect()
../../Library/Python/3.9/lib/python/site-packages/django/db/utils.py:91: in __exit__
    raise dj_exc_value.with_traceback(traceback) from exc_value
../../Library/Python/3.9/lib/python/site-packages/django/db/backends/base/base.py:288: in ensure_connection
    self.connect()
../../Library/Python/3.9/lib/python/site-packages/django/utils/asyncio.py:26: in inner
    return func(*args, **kwargs)
../../Library/Python/3.9/lib/python/site-packages/django/db/backends/base/base.py:269: in connect
    self.connection = self.get_new_connection(conn_params)
../../Library/Python/3.9/lib/python/site-packages/django/utils/asyncio.py:26: in inner
    return func(*args, **kwargs)
../../Library/Python/3.9/lib/python/site-packages/django/db/backends/postgresql/base.py:275: in get_new_connection
    connection = self.Database.connect(**conn_params)
../../Library/Python/3.9/lib/python/site-packages/psycopg2/__init__.py:122: in connect
    conn = _connect(dsn, connection_factory=connection_factory, **kwasync)
E   django.db.utils.OperationalError: could not translate host name "db" to address: nodename nor servname provided, or not known
---------------------------- Captured stderr setup -----------------------------
Creating test database for alias 'default'...
_______________ ERROR at setup of TestCustomUser.test_pk_es_uuid _______________
../../Library/Python/3.9/lib/python/site-packages/django/db/backends/base/base.py:288: in ensure_connection
    self.connect()
../../Library/Python/3.9/lib/python/site-packages/django/utils/asyncio.py:26: in inner
    return func(*args, **kwargs)
../../Library/Python/3.9/lib/python/site-packages/django/db/backends/base/base.py:269: in connect
    self.connection = self.get_new_connection(conn_params)
../../Library/Python/3.9/lib/python/site-packages/django/utils/asyncio.py:26: in inner
    return func(*args, **kwargs)
../../Library/Python/3.9/lib/python/site-packages/django/db/backends/postgresql/base.py:275: in get_new_connection
    connection = self.Database.connect(**conn_params)
../../Library/Python/3.9/lib/python/site-packages/psycopg2/__init__.py:122: in connect
    conn = _connect(dsn, connection_factory=connection_factory, **kwasync)
E   psycopg2.OperationalError: could not translate host name "db" to address: nodename nor servname provided, or not known

The above exception was the direct cause of the following exception:
../../Library/Python/3.9/lib/python/site-packages/django/db/backends/postgresql/base.py:400: in _nodb_cursor
    with super()._nodb_cursor() as cursor:
/Library/Developer/CommandLineTools/Library/Frameworks/Python3.framework/Versions/3.9/lib/python3.9/contextlib.py:117: in __enter__
    return next(self.gen)
../../Library/Python/3.9/lib/python/site-packages/django/db/backends/base/base.py:721: in _nodb_cursor
    with conn.cursor() as cursor:
../../Library/Python/3.9/lib/python/site-packages/django/utils/asyncio.py:26: in inner
    return func(*args, **kwargs)
../../Library/Python/3.9/lib/python/site-packages/django/db/backends/base/base.py:329: in cursor
    return self._cursor()
../../Library/Python/3.9/lib/python/site-packages/django/db/backends/base/base.py:305: in _cursor
    self.ensure_connection()
../../Library/Python/3.9/lib/python/site-packages/django/utils/asyncio.py:26: in inner
    return func(*args, **kwargs)
../../Library/Python/3.9/lib/python/site-packages/django/db/backends/base/base.py:288: in ensure_connection
    self.connect()
../../Library/Python/3.9/lib/python/site-packages/django/db/utils.py:91: in __exit__
    raise dj_exc_value.with_traceback(traceback) from exc_value
../../Library/Python/3.9/lib/python/site-packages/django/db/backends/base/base.py:288: in ensure_connection
    self.connect()
../../Library/Python/3.9/lib/python/site-packages/django/utils/asyncio.py:26: in inner
    return func(*args, **kwargs)
../../Library/Python/3.9/lib/python/site-packages/django/db/backends/base/base.py:269: in connect
    self.connection = self.get_new_connection(conn_params)
../../Library/Python/3.9/lib/python/site-packages/django/utils/asyncio.py:26: in inner
    return func(*args, **kwargs)
../../Library/Python/3.9/lib/python/site-packages/django/db/backends/postgresql/base.py:275: in get_new_connection
    connection = self.Database.connect(**conn_params)
../../Library/Python/3.9/lib/python/site-packages/psycopg2/__init__.py:122: in connect
    conn = _connect(dsn, connection_factory=connection_factory, **kwasync)
E   django.db.utils.OperationalError: could not translate host name "db" to address: nodename nor servname provided, or not known

During handling of the above exception, another exception occurred:
../../Library/Python/3.9/lib/python/site-packages/django/db/backends/base/base.py:288: in ensure_connection
    self.connect()
../../Library/Python/3.9/lib/python/site-packages/django/utils/asyncio.py:26: in inner
    return func(*args, **kwargs)
../../Library/Python/3.9/lib/python/site-packages/django/db/backends/base/base.py:269: in connect
    self.connection = self.get_new_connection(conn_params)
../../Library/Python/3.9/lib/python/site-packages/django/utils/asyncio.py:26: in inner
    return func(*args, **kwargs)
../../Library/Python/3.9/lib/python/site-packages/django/db/backends/postgresql/base.py:275: in get_new_connection
    connection = self.Database.connect(**conn_params)
../../Library/Python/3.9/lib/python/site-packages/psycopg2/__init__.py:122: in connect
    conn = _connect(dsn, connection_factory=connection_factory, **kwasync)
E   psycopg2.OperationalError: could not translate host name "db" to address: nodename nor servname provided, or not known

The above exception was the direct cause of the following exception:
../../Library/Python/3.9/lib/python/site-packages/pytest_django/fixtures.py:198: in django_db_setup
    db_cfg = setup_databases(
../../Library/Python/3.9/lib/python/site-packages/django/test/utils.py:221: in setup_databases
    connection.creation.create_test_db(
../../Library/Python/3.9/lib/python/site-packages/django/db/backends/base/creation.py:62: in create_test_db
    self._create_test_db(verbosity, autoclobber, keepdb)
../../Library/Python/3.9/lib/python/site-packages/django/db/backends/base/creation.py:199: in _create_test_db
    with self._nodb_cursor() as cursor:
/Library/Developer/CommandLineTools/Library/Frameworks/Python3.framework/Versions/3.9/lib/python3.9/contextlib.py:117: in __enter__
    return next(self.gen)
../../Library/Python/3.9/lib/python/site-packages/django/db/backends/postgresql/base.py:426: in _nodb_cursor
    with conn.cursor() as cursor:
../../Library/Python/3.9/lib/python/site-packages/django/utils/asyncio.py:26: in inner
    return func(*args, **kwargs)
../../Library/Python/3.9/lib/python/site-packages/django/db/backends/base/base.py:329: in cursor
    return self._cursor()
../../Library/Python/3.9/lib/python/site-packages/django/db/backends/base/base.py:305: in _cursor
    self.ensure_connection()
../../Library/Python/3.9/lib/python/site-packages/django/utils/asyncio.py:26: in inner
    return func(*args, **kwargs)
../../Library/Python/3.9/lib/python/site-packages/django/db/backends/base/base.py:288: in ensure_connection
    self.connect()
../../Library/Python/3.9/lib/python/site-packages/django/db/utils.py:91: in __exit__
    raise dj_exc_value.with_traceback(traceback) from exc_value
../../Library/Python/3.9/lib/python/site-packages/django/db/backends/base/base.py:288: in ensure_connection
    self.connect()
../../Library/Python/3.9/lib/python/site-packages/django/utils/asyncio.py:26: in inner
    return func(*args, **kwargs)
../../Library/Python/3.9/lib/python/site-packages/django/db/backends/base/base.py:269: in connect
    self.connection = self.get_new_connection(conn_params)
../../Library/Python/3.9/lib/python/site-packages/django/utils/asyncio.py:26: in inner
    return func(*args, **kwargs)
../../Library/Python/3.9/lib/python/site-packages/django/db/backends/postgresql/base.py:275: in get_new_connection
    connection = self.Database.connect(**conn_params)
../../Library/Python/3.9/lib/python/site-packages/psycopg2/__init__.py:122: in connect
    conn = _connect(dsn, connection_factory=connection_factory, **kwasync)
E   django.db.utils.OperationalError: could not translate host name "db" to address: nodename nor servname provided, or not known
_____________ ERROR at setup of TestCustomUser.test_username_unico _____________
../../Library/Python/3.9/lib/python/site-packages/django/db/backends/base/base.py:288: in ensure_connection
    self.connect()
../../Library/Python/3.9/lib/python/site-packages/django/utils/asyncio.py:26: in inner
    return func(*args, **kwargs)
../../Library/Python/3.9/lib/python/site-packages/django/db/backends/base/base.py:269: in connect
    self.connection = self.get_new_connection(conn_params)
../../Library/Python/3.9/lib/python/site-packages/django/utils/asyncio.py:26: in inner
    return func(*args, **kwargs)
../../Library/Python/3.9/lib/python/site-packages/django/db/backends/postgresql/base.py:275: in get_new_connection
    connection = self.Database.connect(**conn_params)
../../Library/Python/3.9/lib/python/site-packages/psycopg2/__init__.py:122: in connect
    conn = _connect(dsn, connection_factory=connection_factory, **kwasync)
E   psycopg2.OperationalError: could not translate host name "db" to address: nodename nor servname provided, or not known

The above exception was the direct cause of the following exception:
../../Library/Python/3.9/lib/python/site-packages/django/db/backends/postgresql/base.py:400: in _nodb_cursor
    with super()._nodb_cursor() as cursor:
/Library/Developer/CommandLineTools/Library/Frameworks/Python3.framework/Versions/3.9/lib/python3.9/contextlib.py:117: in __enter__
    return next(self.gen)
../../Library/Python/3.9/lib/python/site-packages/django/db/backends/base/base.py:721: in _nodb_cursor
    with conn.cursor() as cursor:
../../Library/Python/3.9/lib/python/site-packages/django/utils/asyncio.py:26: in inner
    return func(*args, **kwargs)
../../Library/Python/3.9/lib/python/site-packages/django/db/backends/base/base.py:329: in cursor
    return self._cursor()
../../Library/Python/3.9/lib/python/site-packages/django/db/backends/base/base.py:305: in _cursor
    self.ensure_connection()
../../Library/Python/3.9/lib/python/site-packages/django/utils/asyncio.py:26: in inner
    return func(*args, **kwargs)
../../Library/Python/3.9/lib/python/site-packages/django/db/backends/base/base.py:288: in ensure_connection
    self.connect()
../../Library/Python/3.9/lib/python/site-packages/django/db/utils.py:91: in __exit__
    raise dj_exc_value.with_traceback(traceback) from exc_value
../../Library/Python/3.9/lib/python/site-packages/django/db/backends/base/base.py:288: in ensure_connection
    self.connect()
../../Library/Python/3.9/lib/python/site-packages/django/utils/asyncio.py:26: in inner
    return func(*args, **kwargs)
../../Library/Python/3.9/lib/python/site-packages/django/db/backends/base/base.py:269: in connect
    self.connection = self.get_new_connection(conn_params)
../../Library/Python/3.9/lib/python/site-packages/django/utils/asyncio.py:26: in inner
    return func(*args, **kwargs)
../../Library/Python/3.9/lib/python/site-packages/django/db/backends/postgresql/base.py:275: in get_new_connection
    connection = self.Database.connect(**conn_params)
../../Library/Python/3.9/lib/python/site-packages/psycopg2/__init__.py:122: in connect
    conn = _connect(dsn, connection_factory=connection_factory, **kwasync)
E   django.db.utils.OperationalError: could not translate host name "db" to address: nodename nor servname provided, or not known

During handling of the above exception, another exception occurred:
../../Library/Python/3.9/lib/python/site-packages/django/db/backends/base/base.py:288: in ensure_connection
    self.connect()
../../Library/Python/3.9/lib/python/site-packages/django/utils/asyncio.py:26: in inner
    return func(*args, **kwargs)
../../Library/Python/3.9/lib/python/site-packages/django/db/backends/base/base.py:269: in connect
    self.connection = self.get_new_connection(conn_params)
../../Library/Python/3.9/lib/python/site-packages/django/utils/asyncio.py:26: in inner
    return func(*args, **kwargs)
../../Library/Python/3.9/lib/python/site-packages/django/db/backends/postgresql/base.py:275: in get_new_connection
    connection = self.Database.connect(**conn_params)
../../Library/Python/3.9/lib/python/site-packages/psycopg2/__init__.py:122: in connect
    conn = _connect(dsn, connection_factory=connection_factory, **kwasync)
E   psycopg2.OperationalError: could not translate host name "db" to address: nodename nor servname provided, or not known

The above exception was the direct cause of the following exception:
../../Library/Python/3.9/lib/python/site-packages/pytest_django/fixtures.py:198: in django_db_setup
    db_cfg = setup_databases(
../../Library/Python/3.9/lib/python/site-packages/django/test/utils.py:221: in setup_databases
    connection.creation.create_test_db(
../../Library/Python/3.9/lib/python/site-packages/django/db/backends/base/creation.py:62: in create_test_db
    self._create_test_db(verbosity, autoclobber, keepdb)
../../Library/Python/3.9/lib/python/site-packages/django/db/backends/base/creation.py:199: in _create_test_db
    with self._nodb_cursor() as cursor:
/Library/Developer/CommandLineTools/Library/Frameworks/Python3.framework/Versions/3.9/lib/python3.9/contextlib.py:117: in __enter__
    return next(self.gen)
../../Library/Python/3.9/lib/python/site-packages/django/db/backends/postgresql/base.py:426: in _nodb_cursor
    with conn.cursor() as cursor:
../../Library/Python/3.9/lib/python/site-packages/django/utils/asyncio.py:26: in inner
    return func(*args, **kwargs)
../../Library/Python/3.9/lib/python/site-packages/django/db/backends/base/base.py:329: in cursor
    return self._cursor()
../../Library/Python/3.9/lib/python/site-packages/django/db/backends/base/base.py:305: in _cursor
    self.ensure_connection()
../../Library/Python/3.9/lib/python/site-packages/django/utils/asyncio.py:26: in inner
    return func(*args, **kwargs)
../../Library/Python/3.9/lib/python/site-packages/django/db/backends/base/base.py:288: in ensure_connection
    self.connect()
../../Library/Python/3.9/lib/python/site-packages/django/db/utils.py:91: in __exit__
    raise dj_exc_value.with_traceback(traceback) from exc_value
../../Library/Python/3.9/lib/python/site-packages/django/db/backends/base/base.py:288: in ensure_connection
    self.connect()
../../Library/Python/3.9/lib/python/site-packages/django/utils/asyncio.py:26: in inner
    return func(*args, **kwargs)
../../Library/Python/3.9/lib/python/site-packages/django/db/backends/base/base.py:269: in connect
    self.connection = self.get_new_connection(conn_params)
../../Library/Python/3.9/lib/python/site-packages/django/utils/asyncio.py:26: in inner
    return func(*args, **kwargs)
../../Library/Python/3.9/lib/python/site-packages/django/db/backends/postgresql/base.py:275: in get_new_connection
    connection = self.Database.connect(**conn_params)
../../Library/Python/3.9/lib/python/site-packages/psycopg2/__init__.py:122: in connect
    conn = _connect(dsn, connection_factory=connection_factory, **kwasync)
E   django.db.utils.OperationalError: could not translate host name "db" to address: nodename nor servname provided, or not known
____________ ERROR at setup of TestCustomUser.test_crear_superuser _____________
../../Library/Python/3.9/lib/python/site-packages/django/db/backends/base/base.py:288: in ensure_connection
    self.connect()
../../Library/Python/3.9/lib/python/site-packages/django/utils/asyncio.py:26: in inner
    return func(*args, **kwargs)
../../Library/Python/3.9/lib/python/site-packages/django/db/backends/base/base.py:269: in connect
    self.connection = self.get_new_connection(conn_params)
../../Library/Python/3.9/lib/python/site-packages/django/utils/asyncio.py:26: in inner
    return func(*args, **kwargs)
../../Library/Python/3.9/lib/python/site-packages/django/db/backends/postgresql/base.py:275: in get_new_connection
    connection = self.Database.connect(**conn_params)
../../Library/Python/3.9/lib/python/site-packages/psycopg2/__init__.py:122: in connect
    conn = _connect(dsn, connection_factory=connection_factory, **kwasync)
E   psycopg2.OperationalError: could not translate host name "db" to address: nodename nor servname provided, or not known

The above exception was the direct cause of the following exception:
../../Library/Python/3.9/lib/python/site-packages/django/db/backends/postgresql/base.py:400: in _nodb_cursor
    with super()._nodb_cursor() as cursor:
/Library/Developer/CommandLineTools/Library/Frameworks/Python3.framework/Versions/3.9/lib/python3.9/contextlib.py:117: in __enter__
    return next(self.gen)
../../Library/Python/3.9/lib/python/site-packages/django/db/backends/base/base.py:721: in _nodb_cursor
    with conn.cursor() as cursor:
../../Library/Python/3.9/lib/python/site-packages/django/utils/asyncio.py:26: in inner
    return func(*args, **kwargs)
../../Library/Python/3.9/lib/python/site-packages/django/db/backends/base/base.py:329: in cursor
    return self._cursor()
../../Library/Python/3.9/lib/python/site-packages/django/db/backends/base/base.py:305: in _cursor
    self.ensure_connection()
../../Library/Python/3.9/lib/python/site-packages/django/utils/asyncio.py:26: in inner
    return func(*args, **kwargs)
../../Library/Python/3.9/lib/python/site-packages/django/db/backends/base/base.py:288: in ensure_connection
    self.connect()
../../Library/Python/3.9/lib/python/site-packages/django/db/utils.py:91: in __exit__
    raise dj_exc_value.with_traceback(traceback) from exc_value
../../Library/Python/3.9/lib/python/site-packages/django/db/backends/base/base.py:288: in ensure_connection
    self.connect()
../../Library/Python/3.9/lib/python/site-packages/django/utils/asyncio.py:26: in inner
    return func(*args, **kwargs)
../../Library/Python/3.9/lib/python/site-packages/django/db/backends/base/base.py:269: in connect
    self.connection = self.get_new_connection(conn_params)
../../Library/Python/3.9/lib/python/site-packages/django/utils/asyncio.py:26: in inner
    return func(*args, **kwargs)
../../Library/Python/3.9/lib/python/site-packages/django/db/backends/postgresql/base.py:275: in get_new_connection
    connection = self.Database.connect(**conn_params)
../../Library/Python/3.9/lib/python/site-packages/psycopg2/__init__.py:122: in connect
    conn = _connect(dsn, connection_factory=connection_factory, **kwasync)
E   django.db.utils.OperationalError: could not translate host name "db" to address: nodename nor servname provided, or not known

During handling of the above exception, another exception occurred:
../../Library/Python/3.9/lib/python/site-packages/django/db/backends/base/base.py:288: in ensure_connection
    self.connect()
../../Library/Python/3.9/lib/python/site-packages/django/utils/asyncio.py:26: in inner
    return func(*args, **kwargs)
../../Library/Python/3.9/lib/python/site-packages/django/db/backends/base/base.py:269: in connect
    self.connection = self.get_new_connection(conn_params)
../../Library/Python/3.9/lib/python/site-packages/django/utils/asyncio.py:26: in inner
    return func(*args, **kwargs)
../../Library/Python/3.9/lib/python/site-packages/django/db/backends/postgresql/base.py:275: in get_new_connection
    connection = self.Database.connect(**conn_params)
../../Library/Python/3.9/lib/python/site-packages/psycopg2/__init__.py:122: in connect
    conn = _connect(dsn, connection_factory=connection_factory, **kwasync)
E   psycopg2.OperationalError: could not translate host name "db" to address: nodename nor servname provided, or not known

The above exception was the direct cause of the following exception:
../../Library/Python/3.9/lib/python/site-packages/pytest_django/fixtures.py:198: in django_db_setup
    db_cfg = setup_databases(
../../Library/Python/3.9/lib/python/site-packages/django/test/utils.py:221: in setup_databases
    connection.creation.create_test_db(
../../Library/Python/3.9/lib/python/site-packages/django/db/backends/base/creation.py:62: in create_test_db
    self._create_test_db(verbosity, autoclobber, keepdb)
../../Library/Python/3.9/lib/python/site-packages/django/db/backends/base/creation.py:199: in _create_test_db
    with self._nodb_cursor() as cursor:
/Library/Developer/CommandLineTools/Library/Frameworks/Python3.framework/Versions/3.9/lib/python3.9/contextlib.py:117: in __enter__
    return next(self.gen)
../../Library/Python/3.9/lib/python/site-packages/django/db/backends/postgresql/base.py:426: in _nodb_cursor
    with conn.cursor() as cursor:
../../Library/Python/3.9/lib/python/site-packages/django/utils/asyncio.py:26: in inner
    return func(*args, **kwargs)
../../Library/Python/3.9/lib/python/site-packages/django/db/backends/base/base.py:329: in cursor
    return self._cursor()
../../Library/Python/3.9/lib/python/site-packages/django/db/backends/base/base.py:305: in _cursor
    self.ensure_connection()
../../Library/Python/3.9/lib/python/site-packages/django/utils/asyncio.py:26: in inner
    return func(*args, **kwargs)
../../Library/Python/3.9/lib/python/site-packages/django/db/backends/base/base.py:288: in ensure_connection
    self.connect()
../../Library/Python/3.9/lib/python/site-packages/django/db/utils.py:91: in __exit__
    raise dj_exc_value.with_traceback(traceback) from exc_value
../../Library/Python/3.9/lib/python/site-packages/django/db/backends/base/base.py:288: in ensure_connection
    self.connect()
../../Library/Python/3.9/lib/python/site-packages/django/utils/asyncio.py:26: in inner
    return func(*args, **kwargs)
../../Library/Python/3.9/lib/python/site-packages/django/db/backends/base/base.py:269: in connect
    self.connection = self.get_new_connection(conn_params)
../../Library/Python/3.9/lib/python/site-packages/django/utils/asyncio.py:26: in inner
    return func(*args, **kwargs)
../../Library/Python/3.9/lib/python/site-packages/django/db/backends/postgresql/base.py:275: in get_new_connection
    connection = self.Database.connect(**conn_params)
../../Library/Python/3.9/lib/python/site-packages/psycopg2/__init__.py:122: in connect
    conn = _connect(dsn, connection_factory=connection_factory, **kwasync)
E   django.db.utils.OperationalError: could not translate host name "db" to address: nodename nor servname provided, or not known
__________ ERROR at setup of TestCustomUser.test_str_retorna_username __________
../../Library/Python/3.9/lib/python/site-packages/django/db/backends/base/base.py:288: in ensure_connection
    self.connect()
../../Library/Python/3.9/lib/python/site-packages/django/utils/asyncio.py:26: in inner
    return func(*args, **kwargs)
../../Library/Python/3.9/lib/python/site-packages/django/db/backends/base/base.py:269: in connect
    self.connection = self.get_new_connection(conn_params)
../../Library/Python/3.9/lib/python/site-packages/django/utils/asyncio.py:26: in inner
    return func(*args, **kwargs)
../../Library/Python/3.9/lib/python/site-packages/django/db/backends/postgresql/base.py:275: in get_new_connection
    connection = self.Database.connect(**conn_params)
../../Library/Python/3.9/lib/python/site-packages/psycopg2/__init__.py:122: in connect
    conn = _connect(dsn, connection_factory=connection_factory, **kwasync)
E   psycopg2.OperationalError: could not translate host name "db" to address: nodename nor servname provided, or not known

The above exception was the direct cause of the following exception:
../../Library/Python/3.9/lib/python/site-packages/django/db/backends/postgresql/base.py:400: in _nodb_cursor
    with super()._nodb_cursor() as cursor:
/Library/Developer/CommandLineTools/Library/Frameworks/Python3.framework/Versions/3.9/lib/python3.9/contextlib.py:117: in __enter__
    return next(self.gen)
../../Library/Python/3.9/lib/python/site-packages/django/db/backends/base/base.py:721: in _nodb_cursor
    with conn.cursor() as cursor:
../../Library/Python/3.9/lib/python/site-packages/django/utils/asyncio.py:26: in inner
    return func(*args, **kwargs)
../../Library/Python/3.9/lib/python/site-packages/django/db/backends/base/base.py:329: in cursor
    return self._cursor()
../../Library/Python/3.9/lib/python/site-packages/django/db/backends/base/base.py:305: in _cursor
    self.ensure_connection()
../../Library/Python/3.9/lib/python/site-packages/django/utils/asyncio.py:26: in inner
    return func(*args, **kwargs)
../../Library/Python/3.9/lib/python/site-packages/django/db/backends/base/base.py:288: in ensure_connection
    self.connect()
../../Library/Python/3.9/lib/python/site-packages/django/db/utils.py:91: in __exit__
    raise dj_exc_value.with_traceback(traceback) from exc_value
../../Library/Python/3.9/lib/python/site-packages/django/db/backends/base/base.py:288: in ensure_connection
    self.connect()
../../Library/Python/3.9/lib/python/site-packages/django/utils/asyncio.py:26: in inner
    return func(*args, **kwargs)
../../Library/Python/3.9/lib/python/site-packages/django/db/backends/base/base.py:269: in connect
    self.connection = self.get_new_connection(conn_params)
../../Library/Python/3.9/lib/python/site-packages/django/utils/asyncio.py:26: in inner
    return func(*args, **kwargs)
../../Library/Python/3.9/lib/python/site-packages/django/db/backends/postgresql/base.py:275: in get_new_connection
    connection = self.Database.connect(**conn_params)
../../Library/Python/3.9/lib/python/site-packages/psycopg2/__init__.py:122: in connect
    conn = _connect(dsn, connection_factory=connection_factory, **kwasync)
E   django.db.utils.OperationalError: could not translate host name "db" to address: nodename nor servname provided, or not known

During handling of the above exception, another exception occurred:
../../Library/Python/3.9/lib/python/site-packages/django/db/backends/base/base.py:288: in ensure_connection
    self.connect()
../../Library/Python/3.9/lib/python/site-packages/django/utils/asyncio.py:26: in inner
    return func(*args, **kwargs)
../../Library/Python/3.9/lib/python/site-packages/django/db/backends/base/base.py:269: in connect
    self.connection = self.get_new_connection(conn_params)
../../Library/Python/3.9/lib/python/site-packages/django/utils/asyncio.py:26: in inner
    return func(*args, **kwargs)
../../Library/Python/3.9/lib/python/site-packages/django/db/backends/postgresql/base.py:275: in get_new_connection
    connection = self.Database.connect(**conn_params)
../../Library/Python/3.9/lib/python/site-packages/psycopg2/__init__.py:122: in connect
    conn = _connect(dsn, connection_factory=connection_factory, **kwasync)
E   psycopg2.OperationalError: could not translate host name "db" to address: nodename nor servname provided, or not known

The above exception was the direct cause of the following exception:
../../Library/Python/3.9/lib/python/site-packages/pytest_django/fixtures.py:198: in django_db_setup
    db_cfg = setup_databases(
../../Library/Python/3.9/lib/python/site-packages/django/test/utils.py:221: in setup_databases
    connection.creation.create_test_db(
../../Library/Python/3.9/lib/python/site-packages/django/db/backends/base/creation.py:62: in create_test_db
    self._create_test_db(verbosity, autoclobber, keepdb)
../../Library/Python/3.9/lib/python/site-packages/django/db/backends/base/creation.py:199: in _create_test_db
    with self._nodb_cursor() as cursor:
/Library/Developer/CommandLineTools/Library/Frameworks/Python3.framework/Versions/3.9/lib/python3.9/contextlib.py:117: in __enter__
    return next(self.gen)
../../Library/Python/3.9/lib/python/site-packages/django/db/backends/postgresql/base.py:426: in _nodb_cursor
    with conn.cursor() as cursor:
../../Library/Python/3.9/lib/python/site-packages/django/utils/asyncio.py:26: in inner
    return func(*args, **kwargs)
../../Library/Python/3.9/lib/python/site-packages/django/db/backends/base/base.py:329: in cursor
    return self._cursor()
../../Library/Python/3.9/lib/python/site-packages/django/db/backends/base/base.py:305: in _cursor
    self.ensure_connection()
../../Library/Python/3.9/lib/python/site-packages/django/utils/asyncio.py:26: in inner
    return func(*args, **kwargs)
../../Library/Python/3.9/lib/python/site-packages/django/db/backends/base/base.py:288: in ensure_connection
    self.connect()
../../Library/Python/3.9/lib/python/site-packages/django/db/utils.py:91: in __exit__
    raise dj_exc_value.with_traceback(traceback) from exc_value
../../Library/Python/3.9/lib/python/site-packages/django/db/backends/base/base.py:288: in ensure_connection
    self.connect()
../../Library/Python/3.9/lib/python/site-packages/django/utils/asyncio.py:26: in inner
    return func(*args, **kwargs)
../../Library/Python/3.9/lib/python/site-packages/django/db/backends/base/base.py:269: in connect
    self.connection = self.get_new_connection(conn_params)
../../Library/Python/3.9/lib/python/site-packages/django/utils/asyncio.py:26: in inner
    return func(*args, **kwargs)
../../Library/Python/3.9/lib/python/site-packages/django/db/backends/postgresql/base.py:275: in get_new_connection
    connection = self.Database.connect(**conn_params)
../../Library/Python/3.9/lib/python/site-packages/psycopg2/__init__.py:122: in connect
    conn = _connect(dsn, connection_factory=connection_factory, **kwasync)
E   django.db.utils.OperationalError: could not translate host name "db" to address: nodename nor servname provided, or not known
________ ERROR at setup of TestPerfilKYC.test_estado_inicial_es_pending ________
../../Library/Python/3.9/lib/python/site-packages/django/db/backends/base/base.py:288: in ensure_connection
    self.connect()
../../Library/Python/3.9/lib/python/site-packages/django/utils/asyncio.py:26: in inner
    return func(*args, **kwargs)
../../Library/Python/3.9/lib/python/site-packages/django/db/backends/base/base.py:269: in connect
    self.connection = self.get_new_connection(conn_params)
../../Library/Python/3.9/lib/python/site-packages/django/utils/asyncio.py:26: in inner
    return func(*args, **kwargs)
../../Library/Python/3.9/lib/python/site-packages/django/db/backends/postgresql/base.py:275: in get_new_connection
    connection = self.Database.connect(**conn_params)
../../Library/Python/3.9/lib/python/site-packages/psycopg2/__init__.py:122: in connect
    conn = _connect(dsn, connection_factory=connection_factory, **kwasync)
E   psycopg2.OperationalError: could not translate host name "db" to address: nodename nor servname provided, or not known

The above exception was the direct cause of the following exception:
../../Library/Python/3.9/lib/python/site-packages/django/db/backends/postgresql/base.py:400: in _nodb_cursor
    with super()._nodb_cursor() as cursor:
/Library/Developer/CommandLineTools/Library/Frameworks/Python3.framework/Versions/3.9/lib/python3.9/contextlib.py:117: in __enter__
    return next(self.gen)
../../Library/Python/3.9/lib/python/site-packages/django/db/backends/base/base.py:721: in _nodb_cursor
    with conn.cursor() as cursor:
../../Library/Python/3.9/lib/python/site-packages/django/utils/asyncio.py:26: in inner
    return func(*args, **kwargs)
../../Library/Python/3.9/lib/python/site-packages/django/db/backends/base/base.py:329: in cursor
    return self._cursor()
../../Library/Python/3.9/lib/python/site-packages/django/db/backends/base/base.py:305: in _cursor
    self.ensure_connection()
../../Library/Python/3.9/lib/python/site-packages/django/utils/asyncio.py:26: in inner
    return func(*args, **kwargs)
../../Library/Python/3.9/lib/python/site-packages/django/db/backends/base/base.py:288: in ensure_connection
    self.connect()
../../Library/Python/3.9/lib/python/site-packages/django/db/utils.py:91: in __exit__
    raise dj_exc_value.with_traceback(traceback) from exc_value
../../Library/Python/3.9/lib/python/site-packages/django/db/backends/base/base.py:288: in ensure_connection
    self.connect()
../../Library/Python/3.9/lib/python/site-packages/django/utils/asyncio.py:26: in inner
    return func(*args, **kwargs)
../../Library/Python/3.9/lib/python/site-packages/django/db/backends/base/base.py:269: in connect
    self.connection = self.get_new_connection(conn_params)
../../Library/Python/3.9/lib/python/site-packages/django/utils/asyncio.py:26: in inner
    return func(*args, **kwargs)
../../Library/Python/3.9/lib/python/site-packages/django/db/backends/postgresql/base.py:275: in get_new_connection
    connection = self.Database.connect(**conn_params)
../../Library/Python/3.9/lib/python/site-packages/psycopg2/__init__.py:122: in connect
    conn = _connect(dsn, connection_factory=connection_factory, **kwasync)
E   django.db.utils.OperationalError: could not translate host name "db" to address: nodename nor servname provided, or not known

During handling of the above exception, another exception occurred:
../../Library/Python/3.9/lib/python/site-packages/django/db/backends/base/base.py:288: in ensure_connection
    self.connect()
../../Library/Python/3.9/lib/python/site-packages/django/utils/asyncio.py:26: in inner
    return func(*args, **kwargs)
../../Library/Python/3.9/lib/python/site-packages/django/db/backends/base/base.py:269: in connect
    self.connection = self.get_new_connection(conn_params)
../../Library/Python/3.9/lib/python/site-packages/django/utils/asyncio.py:26: in inner
    return func(*args, **kwargs)
../../Library/Python/3.9/lib/python/site-packages/django/db/backends/postgresql/base.py:275: in get_new_connection
    connection = self.Database.connect(**conn_params)
../../Library/Python/3.9/lib/python/site-packages/psycopg2/__init__.py:122: in connect
    conn = _connect(dsn, connection_factory=connection_factory, **kwasync)
E   psycopg2.OperationalError: could not translate host name "db" to address: nodename nor servname provided, or not known

The above exception was the direct cause of the following exception:
../../Library/Python/3.9/lib/python/site-packages/pytest_django/fixtures.py:198: in django_db_setup
    db_cfg = setup_databases(
../../Library/Python/3.9/lib/python/site-packages/django/test/utils.py:221: in setup_databases
    connection.creation.create_test_db(
../../Library/Python/3.9/lib/python/site-packages/django/db/backends/base/creation.py:62: in create_test_db
    self._create_test_db(verbosity, autoclobber, keepdb)
../../Library/Python/3.9/lib/python/site-packages/django/db/backends/base/creation.py:199: in _create_test_db
    with self._nodb_cursor() as cursor:
/Library/Developer/CommandLineTools/Library/Frameworks/Python3.framework/Versions/3.9/lib/python3.9/contextlib.py:117: in __enter__
    return next(self.gen)
../../Library/Python/3.9/lib/python/site-packages/django/db/backends/postgresql/base.py:426: in _nodb_cursor
    with conn.cursor() as cursor:
../../Library/Python/3.9/lib/python/site-packages/django/utils/asyncio.py:26: in inner
    return func(*args, **kwargs)
../../Library/Python/3.9/lib/python/site-packages/django/db/backends/base/base.py:329: in cursor
    return self._cursor()
../../Library/Python/3.9/lib/python/site-packages/django/db/backends/base/base.py:305: in _cursor
    self.ensure_connection()
../../Library/Python/3.9/lib/python/site-packages/django/utils/asyncio.py:26: in inner
    return func(*args, **kwargs)
../../Library/Python/3.9/lib/python/site-packages/django/db/backends/base/base.py:288: in ensure_connection
    self.connect()
../../Library/Python/3.9/lib/python/site-packages/django/db/utils.py:91: in __exit__
    raise dj_exc_value.with_traceback(traceback) from exc_value
../../Library/Python/3.9/lib/python/site-packages/django/db/backends/base/base.py:288: in ensure_connection
    self.connect()
../../Library/Python/3.9/lib/python/site-packages/django/utils/asyncio.py:26: in inner
    return func(*args, **kwargs)
../../Library/Python/3.9/lib/python/site-packages/django/db/backends/base/base.py:269: in connect
    self.connection = self.get_new_connection(conn_params)
../../Library/Python/3.9/lib/python/site-packages/django/utils/asyncio.py:26: in inner
    return func(*args, **kwargs)
../../Library/Python/3.9/lib/python/site-packages/django/db/backends/postgresql/base.py:275: in get_new_connection
    connection = self.Database.connect(**conn_params)
../../Library/Python/3.9/lib/python/site-packages/psycopg2/__init__.py:122: in connect
    conn = _connect(dsn, connection_factory=connection_factory, **kwasync)
E   django.db.utils.OperationalError: could not translate host name "db" to address: nodename nor servname provided, or not known
______ ERROR at setup of TestPerfilKYC.test_transicion_pending_a_verified ______
../../Library/Python/3.9/lib/python/site-packages/django/db/backends/base/base.py:288: in ensure_connection
    self.connect()
../../Library/Python/3.9/lib/python/site-packages/django/utils/asyncio.py:26: in inner
    return func(*args, **kwargs)
../../Library/Python/3.9/lib/python/site-packages/django/db/backends/base/base.py:269: in connect
    self.connection = self.get_new_connection(conn_params)
../../Library/Python/3.9/lib/python/site-packages/django/utils/asyncio.py:26: in inner
    return func(*args, **kwargs)
../../Library/Python/3.9/lib/python/site-packages/django/db/backends/postgresql/base.py:275: in get_new_connection
    connection = self.Database.connect(**conn_params)
../../Library/Python/3.9/lib/python/site-packages/psycopg2/__init__.py:122: in connect
    conn = _connect(dsn, connection_factory=connection_factory, **kwasync)
E   psycopg2.OperationalError: could not translate host name "db" to address: nodename nor servname provided, or not known

The above exception was the direct cause of the following exception:
../../Library/Python/3.9/lib/python/site-packages/django/db/backends/postgresql/base.py:400: in _nodb_cursor
    with super()._nodb_cursor() as cursor:
/Library/Developer/CommandLineTools/Library/Frameworks/Python3.framework/Versions/3.9/lib/python3.9/contextlib.py:117: in __enter__
    return next(self.gen)
../../Library/Python/3.9/lib/python/site-packages/django/db/backends/base/base.py:721: in _nodb_cursor
    with conn.cursor() as cursor:
../../Library/Python/3.9/lib/python/site-packages/django/utils/asyncio.py:26: in inner
    return func(*args, **kwargs)
../../Library/Python/3.9/lib/python/site-packages/django/db/backends/base/base.py:329: in cursor
    return self._cursor()
../../Library/Python/3.9/lib/python/site-packages/django/db/backends/base/base.py:305: in _cursor
    self.ensure_connection()
../../Library/Python/3.9/lib/python/site-packages/django/utils/asyncio.py:26: in inner
    return func(*args, **kwargs)
../../Library/Python/3.9/lib/python/site-packages/django/db/backends/base/base.py:288: in ensure_connection
    self.connect()
../../Library/Python/3.9/lib/python/site-packages/django/db/utils.py:91: in __exit__
    raise dj_exc_value.with_traceback(traceback) from exc_value
../../Library/Python/3.9/lib/python/site-packages/django/db/backends/base/base.py:288: in ensure_connection
    self.connect()
../../Library/Python/3.9/lib/python/site-packages/django/utils/asyncio.py:26: in inner
    return func(*args, **kwargs)
../../Library/Python/3.9/lib/python/site-packages/django/db/backends/base/base.py:269: in connect
    self.connection = self.get_new_connection(conn_params)
../../Library/Python/3.9/lib/python/site-packages/django/utils/asyncio.py:26: in inner
    return func(*args, **kwargs)
../../Library/Python/3.9/lib/python/site-packages/django/db/backends/postgresql/base.py:275: in get_new_connection
    connection = self.Database.connect(**conn_params)
../../Library/Python/3.9/lib/python/site-packages/psycopg2/__init__.py:122: in connect
    conn = _connect(dsn, connection_factory=connection_factory, **kwasync)
E   django.db.utils.OperationalError: could not translate host name "db" to address: nodename nor servname provided, or not known

During handling of the above exception, another exception occurred:
../../Library/Python/3.9/lib/python/site-packages/django/db/backends/base/base.py:288: in ensure_connection
    self.connect()
../../Library/Python/3.9/lib/python/site-packages/django/utils/asyncio.py:26: in inner
    return func(*args, **kwargs)
../../Library/Python/3.9/lib/python/site-packages/django/db/backends/base/base.py:269: in connect
    self.connection = self.get_new_connection(conn_params)
../../Library/Python/3.9/lib/python/site-packages/django/utils/asyncio.py:26: in inner
    return func(*args, **kwargs)
../../Library/Python/3.9/lib/python/site-packages/django/db/backends/postgresql/base.py:275: in get_new_connection
    connection = self.Database.connect(**conn_params)
../../Library/Python/3.9/lib/python/site-packages/psycopg2/__init__.py:122: in connect
    conn = _connect(dsn, connection_factory=connection_factory, **kwasync)
E   psycopg2.OperationalError: could not translate host name "db" to address: nodename nor servname provided, or not known

The above exception was the direct cause of the following exception:
../../Library/Python/3.9/lib/python/site-packages/pytest_django/fixtures.py:198: in django_db_setup
    db_cfg = setup_databases(
../../Library/Python/3.9/lib/python/site-packages/django/test/utils.py:221: in setup_databases
    connection.creation.create_test_db(
../../Library/Python/3.9/lib/python/site-packages/django/db/backends/base/creation.py:62: in create_test_db
    self._create_test_db(verbosity, autoclobber, keepdb)
../../Library/Python/3.9/lib/python/site-packages/django/db/backends/base/creation.py:199: in _create_test_db
    with self._nodb_cursor() as cursor:
/Library/Developer/CommandLineTools/Library/Frameworks/Python3.framework/Versions/3.9/lib/python3.9/contextlib.py:117: in __enter__
    return next(self.gen)
../../Library/Python/3.9/lib/python/site-packages/django/db/backends/postgresql/base.py:426: in _nodb_cursor
    with conn.cursor() as cursor:
../../Library/Python/3.9/lib/python/site-packages/django/utils/asyncio.py:26: in inner
    return func(*args, **kwargs)
../../Library/Python/3.9/lib/python/site-packages/django/db/backends/base/base.py:329: in cursor
    return self._cursor()
../../Library/Python/3.9/lib/python/site-packages/django/db/backends/base/base.py:305: in _cursor
    self.ensure_connection()
../../Library/Python/3.9/lib/python/site-packages/django/utils/asyncio.py:26: in inner
    return func(*args, **kwargs)
../../Library/Python/3.9/lib/python/site-packages/django/db/backends/base/base.py:288: in ensure_connection
    self.connect()
../../Library/Python/3.9/lib/python/site-packages/django/db/utils.py:91: in __exit__
    raise dj_exc_value.with_traceback(traceback) from exc_value
../../Library/Python/3.9/lib/python/site-packages/django/db/backends/base/base.py:288: in ensure_connection
    self.connect()
../../Library/Python/3.9/lib/python/site-packages/django/utils/asyncio.py:26: in inner
    return func(*args, **kwargs)
../../Library/Python/3.9/lib/python/site-packages/django/db/backends/base/base.py:269: in connect
    self.connection = self.get_new_connection(conn_params)
../../Library/Python/3.9/lib/python/site-packages/django/utils/asyncio.py:26: in inner
    return func(*args, **kwargs)
../../Library/Python/3.9/lib/python/site-packages/django/db/backends/postgresql/base.py:275: in get_new_connection
    connection = self.Database.connect(**conn_params)
../../Library/Python/3.9/lib/python/site-packages/psycopg2/__init__.py:122: in connect
    conn = _connect(dsn, connection_factory=connection_factory, **kwasync)
E   django.db.utils.OperationalError: could not translate host name "db" to address: nodename nor servname provided, or not known
_____ ERROR at setup of TestPerfilKYC.test_puede_apostar_solo_si_verified ______
../../Library/Python/3.9/lib/python/site-packages/django/db/backends/base/base.py:288: in ensure_connection
    self.connect()
../../Library/Python/3.9/lib/python/site-packages/django/utils/asyncio.py:26: in inner
    return func(*args, **kwargs)
../../Library/Python/3.9/lib/python/site-packages/django/db/backends/base/base.py:269: in connect
    self.connection = self.get_new_connection(conn_params)
../../Library/Python/3.9/lib/python/site-packages/django/utils/asyncio.py:26: in inner
    return func(*args, **kwargs)
../../Library/Python/3.9/lib/python/site-packages/django/db/backends/postgresql/base.py:275: in get_new_connection
    connection = self.Database.connect(**conn_params)
../../Library/Python/3.9/lib/python/site-packages/psycopg2/__init__.py:122: in connect
    conn = _connect(dsn, connection_factory=connection_factory, **kwasync)
E   psycopg2.OperationalError: could not translate host name "db" to address: nodename nor servname provided, or not known

The above exception was the direct cause of the following exception:
../../Library/Python/3.9/lib/python/site-packages/django/db/backends/postgresql/base.py:400: in _nodb_cursor
    with super()._nodb_cursor() as cursor:
/Library/Developer/CommandLineTools/Library/Frameworks/Python3.framework/Versions/3.9/lib/python3.9/contextlib.py:117: in __enter__
    return next(self.gen)
../../Library/Python/3.9/lib/python/site-packages/django/db/backends/base/base.py:721: in _nodb_cursor
    with conn.cursor() as cursor:
../../Library/Python/3.9/lib/python/site-packages/django/utils/asyncio.py:26: in inner
    return func(*args, **kwargs)
../../Library/Python/3.9/lib/python/site-packages/django/db/backends/base/base.py:329: in cursor
    return self._cursor()
../../Library/Python/3.9/lib/python/site-packages/django/db/backends/base/base.py:305: in _cursor
    self.ensure_connection()
../../Library/Python/3.9/lib/python/site-packages/django/utils/asyncio.py:26: in inner
    return func(*args, **kwargs)
../../Library/Python/3.9/lib/python/site-packages/django/db/backends/base/base.py:288: in ensure_connection
    self.connect()
../../Library/Python/3.9/lib/python/site-packages/django/db/utils.py:91: in __exit__
    raise dj_exc_value.with_traceback(traceback) from exc_value
../../Library/Python/3.9/lib/python/site-packages/django/db/backends/base/base.py:288: in ensure_connection
    self.connect()
../../Library/Python/3.9/lib/python/site-packages/django/utils/asyncio.py:26: in inner
    return func(*args, **kwargs)
../../Library/Python/3.9/lib/python/site-packages/django/db/backends/base/base.py:269: in connect
    self.connection = self.get_new_connection(conn_params)
../../Library/Python/3.9/lib/python/site-packages/django/utils/asyncio.py:26: in inner
    return func(*args, **kwargs)
../../Library/Python/3.9/lib/python/site-packages/django/db/backends/postgresql/base.py:275: in get_new_connection
    connection = self.Database.connect(**conn_params)
../../Library/Python/3.9/lib/python/site-packages/psycopg2/__init__.py:122: in connect
    conn = _connect(dsn, connection_factory=connection_factory, **kwasync)
E   django.db.utils.OperationalError: could not translate host name "db" to address: nodename nor servname provided, or not known

During handling of the above exception, another exception occurred:
../../Library/Python/3.9/lib/python/site-packages/django/db/backends/base/base.py:288: in ensure_connection
    self.connect()
../../Library/Python/3.9/lib/python/site-packages/django/utils/asyncio.py:26: in inner
    return func(*args, **kwargs)
../../Library/Python/3.9/lib/python/site-packages/django/db/backends/base/base.py:269: in connect
    self.connection = self.get_new_connection(conn_params)
../../Library/Python/3.9/lib/python/site-packages/django/utils/asyncio.py:26: in inner
    return func(*args, **kwargs)
../../Library/Python/3.9/lib/python/site-packages/django/db/backends/postgresql/base.py:275: in get_new_connection
    connection = self.Database.connect(**conn_params)
../../Library/Python/3.9/lib/python/site-packages/psycopg2/__init__.py:122: in connect
    conn = _connect(dsn, connection_factory=connection_factory, **kwasync)
E   psycopg2.OperationalError: could not translate host name "db" to address: nodename nor servname provided, or not known

The above exception was the direct cause of the following exception:
../../Library/Python/3.9/lib/python/site-packages/pytest_django/fixtures.py:198: in django_db_setup
    db_cfg = setup_databases(
../../Library/Python/3.9/lib/python/site-packages/django/test/utils.py:221: in setup_databases
    connection.creation.create_test_db(
../../Library/Python/3.9/lib/python/site-packages/django/db/backends/base/creation.py:62: in create_test_db
    self._create_test_db(verbosity, autoclobber, keepdb)
../../Library/Python/3.9/lib/python/site-packages/django/db/backends/base/creation.py:199: in _create_test_db
    with self._nodb_cursor() as cursor:
/Library/Developer/CommandLineTools/Library/Frameworks/Python3.framework/Versions/3.9/lib/python3.9/contextlib.py:117: in __enter__
    return next(self.gen)
../../Library/Python/3.9/lib/python/site-packages/django/db/backends/postgresql/base.py:426: in _nodb_cursor
    with conn.cursor() as cursor:
../../Library/Python/3.9/lib/python/site-packages/django/utils/asyncio.py:26: in inner
    return func(*args, **kwargs)
../../Library/Python/3.9/lib/python/site-packages/django/db/backends/base/base.py:329: in cursor
    return self._cursor()
../../Library/Python/3.9/lib/python/site-packages/django/db/backends/base/base.py:305: in _cursor
    self.ensure_connection()
../../Library/Python/3.9/lib/python/site-packages/django/utils/asyncio.py:26: in inner
    return func(*args, **kwargs)
../../Library/Python/3.9/lib/python/site-packages/django/db/backends/base/base.py:288: in ensure_connection
    self.connect()
../../Library/Python/3.9/lib/python/site-packages/django/db/utils.py:91: in __exit__
    raise dj_exc_value.with_traceback(traceback) from exc_value
../../Library/Python/3.9/lib/python/site-packages/django/db/backends/base/base.py:288: in ensure_connection
    self.connect()
../../Library/Python/3.9/lib/python/site-packages/django/utils/asyncio.py:26: in inner
    return func(*args, **kwargs)
../../Library/Python/3.9/lib/python/site-packages/django/db/backends/base/base.py:269: in connect
    self.connection = self.get_new_connection(conn_params)
../../Library/Python/3.9/lib/python/site-packages/django/utils/asyncio.py:26: in inner
    return func(*args, **kwargs)
../../Library/Python/3.9/lib/python/site-packages/django/db/backends/postgresql/base.py:275: in get_new_connection
    connection = self.Database.connect(**conn_params)
../../Library/Python/3.9/lib/python/site-packages/psycopg2/__init__.py:122: in connect
    conn = _connect(dsn, connection_factory=connection_factory, **kwasync)
E   django.db.utils.OperationalError: could not translate host name "db" to address: nodename nor servname provided, or not known
_________ ERROR at setup of TestPerfilKYC.test_autoexclusion_temporal __________
../../Library/Python/3.9/lib/python/site-packages/django/db/backends/base/base.py:288: in ensure_connection
    self.connect()
../../Library/Python/3.9/lib/python/site-packages/django/utils/asyncio.py:26: in inner
    return func(*args, **kwargs)
../../Library/Python/3.9/lib/python/site-packages/django/db/backends/base/base.py:269: in connect
    self.connection = self.get_new_connection(conn_params)
../../Library/Python/3.9/lib/python/site-packages/django/utils/asyncio.py:26: in inner
    return func(*args, **kwargs)
../../Library/Python/3.9/lib/python/site-packages/django/db/backends/postgresql/base.py:275: in get_new_connection
    connection = self.Database.connect(**conn_params)
../../Library/Python/3.9/lib/python/site-packages/psycopg2/__init__.py:122: in connect
    conn = _connect(dsn, connection_factory=connection_factory, **kwasync)
E   psycopg2.OperationalError: could not translate host name "db" to address: nodename nor servname provided, or not known

The above exception was the direct cause of the following exception:
../../Library/Python/3.9/lib/python/site-packages/django/db/backends/postgresql/base.py:400: in _nodb_cursor
    with super()._nodb_cursor() as cursor:
/Library/Developer/CommandLineTools/Library/Frameworks/Python3.framework/Versions/3.9/lib/python3.9/contextlib.py:117: in __enter__
    return next(self.gen)
../../Library/Python/3.9/lib/python/site-packages/django/db/backends/base/base.py:721: in _nodb_cursor
    with conn.cursor() as cursor:
../../Library/Python/3.9/lib/python/site-packages/django/utils/asyncio.py:26: in inner
    return func(*args, **kwargs)
../../Library/Python/3.9/lib/python/site-packages/django/db/backends/base/base.py:329: in cursor
    return self._cursor()
../../Library/Python/3.9/lib/python/site-packages/django/db/backends/base/base.py:305: in _cursor
    self.ensure_connection()
../../Library/Python/3.9/lib/python/site-packages/django/utils/asyncio.py:26: in inner
    return func(*args, **kwargs)
../../Library/Python/3.9/lib/python/site-packages/django/db/backends/base/base.py:288: in ensure_connection
    self.connect()
../../Library/Python/3.9/lib/python/site-packages/django/db/utils.py:91: in __exit__
    raise dj_exc_value.with_traceback(traceback) from exc_value
../../Library/Python/3.9/lib/python/site-packages/django/db/backends/base/base.py:288: in ensure_connection
    self.connect()
../../Library/Python/3.9/lib/python/site-packages/django/utils/asyncio.py:26: in inner
    return func(*args, **kwargs)
../../Library/Python/3.9/lib/python/site-packages/django/db/backends/base/base.py:269: in connect
    self.connection = self.get_new_connection(conn_params)
../../Library/Python/3.9/lib/python/site-packages/django/utils/asyncio.py:26: in inner
    return func(*args, **kwargs)
../../Library/Python/3.9/lib/python/site-packages/django/db/backends/postgresql/base.py:275: in get_new_connection
    connection = self.Database.connect(**conn_params)
../../Library/Python/3.9/lib/python/site-packages/psycopg2/__init__.py:122: in connect
    conn = _connect(dsn, connection_factory=connection_factory, **kwasync)
E   django.db.utils.OperationalError: could not translate host name "db" to address: nodename nor servname provided, or not known

During handling of the above exception, another exception occurred:
../../Library/Python/3.9/lib/python/site-packages/django/db/backends/base/base.py:288: in ensure_connection
    self.connect()
../../Library/Python/3.9/lib/python/site-packages/django/utils/asyncio.py:26: in inner
    return func(*args, **kwargs)
../../Library/Python/3.9/lib/python/site-packages/django/db/backends/base/base.py:269: in connect
    self.connection = self.get_new_connection(conn_params)
../../Library/Python/3.9/lib/python/site-packages/django/utils/asyncio.py:26: in inner
    return func(*args, **kwargs)
../../Library/Python/3.9/lib/python/site-packages/django/db/backends/postgresql/base.py:275: in get_new_connection
    connection = self.Database.connect(**conn_params)
../../Library/Python/3.9/lib/python/site-packages/psycopg2/__init__.py:122: in connect
    conn = _connect(dsn, connection_factory=connection_factory, **kwasync)
E   psycopg2.OperationalError: could not translate host name "db" to address: nodename nor servname provided, or not known

The above exception was the direct cause of the following exception:
../../Library/Python/3.9/lib/python/site-packages/pytest_django/fixtures.py:198: in django_db_setup
    db_cfg = setup_databases(
../../Library/Python/3.9/lib/python/site-packages/django/test/utils.py:221: in setup_databases
    connection.creation.create_test_db(
../../Library/Python/3.9/lib/python/site-packages/django/db/backends/base/creation.py:62: in create_test_db
    self._create_test_db(verbosity, autoclobber, keepdb)
../../Library/Python/3.9/lib/python/site-packages/django/db/backends/base/creation.py:199: in _create_test_db
    with self._nodb_cursor() as cursor:
/Library/Developer/CommandLineTools/Library/Frameworks/Python3.framework/Versions/3.9/lib/python3.9/contextlib.py:117: in __enter__
    return next(self.gen)
../../Library/Python/3.9/lib/python/site-packages/django/db/backends/postgresql/base.py:426: in _nodb_cursor
    with conn.cursor() as cursor:
../../Library/Python/3.9/lib/python/site-packages/django/utils/asyncio.py:26: in inner
    return func(*args, **kwargs)
../../Library/Python/3.9/lib/python/site-packages/django/db/backends/base/base.py:329: in cursor
    return self._cursor()
../../Library/Python/3.9/lib/python/site-packages/django/db/backends/base/base.py:305: in _cursor
    self.ensure_connection()
../../Library/Python/3.9/lib/python/site-packages/django/utils/asyncio.py:26: in inner
    return func(*args, **kwargs)
../../Library/Python/3.9/lib/python/site-packages/django/db/backends/base/base.py:288: in ensure_connection
    self.connect()
../../Library/Python/3.9/lib/python/site-packages/django/db/utils.py:91: in __exit__
    raise dj_exc_value.with_traceback(traceback) from exc_value
../../Library/Python/3.9/lib/python/site-packages/django/db/backends/base/base.py:288: in ensure_connection
    self.connect()
../../Library/Python/3.9/lib/python/site-packages/django/utils/asyncio.py:26: in inner
    return func(*args, **kwargs)
../../Library/Python/3.9/lib/python/site-packages/django/db/backends/base/base.py:269: in connect
    self.connection = self.get_new_connection(conn_params)
[...]
apps/backoffice/views.py                                              255    255     0%
apps/betting/__init__.py                                                0      0   100%
apps/betting/admin.py                                                  13      0   100%
apps/betting/apps.py                                                    4      0   100%
apps/betting/migrations/0001_initial.py                                 8      8     0%
apps/betting/migrations/0002_ampliar_idempotency_key.py                 4      4     0%
apps/betting/migrations/0003_add_betselection_result.py                 4      4     0%
apps/betting/migrations/__init__.py                                     0      0   100%
apps/betting/models.py                                                 48      2    96%
apps/betting/serializers.py                                            14     14     0%
apps/betting/services.py                                              211    192     9%
apps/betting/tests.py                                                 123     82    33%
apps/betting/urls.py                                                    4      4     0%
apps/betting/views.py                                                  12     12     0%
apps/betting/views_web.py                                              68     68     0%
apps/compliance/__init__.py                                             0      0   100%
apps/compliance/admin.py                                               31      8    74%
apps/compliance/apps.py                                                 6      0   100%
apps/compliance/migrations/0001_initial.py                              5      5     0%
apps/compliance/migrations/0002_suspiciousactivity.py                   6      6     0%
apps/compliance/migrations/__init__.py                                  0      0   100%
apps/compliance/models.py                                              57      9    84%
apps/compliance/services.py                                            33     25    24%
apps/compliance/tasks.py                                               88     64    27%
apps/compliance/tests.py                                                1      0   100%
apps/compliance/views.py                                                1      1     0%
apps/markets/__init__.py                                                0      0   100%
apps/markets/admin.py                                                  34      0   100%
apps/markets/apps.py                                                    6      0   100%
apps/markets/management/__init__.py                                     0      0   100%
apps/markets/management/commands/__init__.py                            0      0   100%
apps/markets/management/commands/seed.py                               38     38     0%
apps/markets/management/commands/seed_markets.py                       36     36     0%
apps/markets/migrations/0001_initial.py                                 7      7     0%
apps/markets/migrations/0002_alter_event_sport.py                       4      4     0%
apps/markets/migrations/0003_event_away_score_event_home_score.py       4      4     0%
apps/markets/migrations/0004_event_live_started_at.py                   4      4     0%
apps/markets/migrations/__init__.py                                     0      0   100%
apps/markets/models.py                                                 57      3    95%
apps/markets/serializers.py                                            20     20     0%
apps/markets/services.py                                               44     44     0%
apps/markets/signals.py                                                70     46    34%
apps/markets/tasks.py                                                 179    179     0%
apps/markets/tests.py                                                 100     61    39%
apps/markets/urls.py                                                   11     11     0%
apps/markets/views.py                                                  39     39     0%
apps/markets/views_web.py                                              14     14     0%
apps/payments/__init__.py                                               0      0   100%
apps/payments/admin.py                                                 23      5    78%
apps/payments/apps.py                                                   4      0   100%
apps/payments/migrations/0001_initial.py                                5      5     0%
apps/payments/migrations/__init__.py                                    0      0   100%
apps/payments/models.py                                                 1      0   100%
apps/payments/serializers.py                                            4      4     0%
apps/payments/tests.py                                                 65     45    31%
apps/payments/urls.py                                                   4      4     0%
apps/payments/views.py                                                 74     74     0%
apps/realtime/__init__.py                                               0      0   100%
apps/realtime/admin.py                                                  1      0   100%
apps/realtime/apps.py                                                   4      0   100%
apps/realtime/constants.py                                             11      0   100%
apps/realtime/consumers.py                                             33     33     0%
apps/realtime/migrations/__init__.py                                    0      0   100%
apps/realtime/models.py                                                 1      0   100%
apps/realtime/routing.py                                                3      3     0%
apps/realtime/tests.py                                                  1      0   100%
apps/realtime/views.py                                                  1      1     0%
apps/wallet/__init__.py                                                 0      0   100%
apps/wallet/admin.py                                                   50     11    78%
apps/wallet/apps.py                                                     4      0   100%
apps/wallet/bonus_services.py                                         137     97    29%
apps/wallet/migrations/0001_initial.py                                 17     17     0%
apps/wallet/migrations/0002_walletidempotencyrecord.py                  6      6     0%
apps/wallet/migrations/0003_bonuscampaign_userbonus.py                  8      8     0%
apps/wallet/migrations/__init__.py                                      0      0   100%
apps/wallet/models.py                                                 101      6    94%
apps/wallet/selectors.py                                               50     33    34%
apps/wallet/serializers.py                                             11     11     0%
apps/wallet/services.py                                               210    172    18%
apps/wallet/tests/__init__.py                                           0      0   100%
apps/wallet/tests/test_api.py                                         150    113    25%
apps/wallet/tests/test_audit.py                                        51     33    35%
apps/wallet/tests/test_balance.py                                      55     35    36%
apps/wallet/tests/test_bonus_services.py                               97     66    32%
apps/wallet/tests/test_concurrency.py                                  48     36    25%
apps/wallet/tests/test_idempotency.py                                  60     41    32%
apps/wallet/tests/test_models.py                                       60     14    77%
apps/wallet/tests/test_properties.py                                   60     34    43%
apps/wallet/tests/test_services.py                                     62     44    29%
apps/wallet/urls.py                                                     4      4     0%
apps/wallet/views.py                                                   96     96     0%
---------------------------------------------------------------------------------------
TOTAL                                                                4123   2967    28%
=========================== short test summary info ============================
ERROR apps/accounts/tests/test_models.py::TestCustomUser::test_crear_usuario
ERROR apps/accounts/tests/test_models.py::TestCustomUser::test_pk_es_uuid - d...
ERROR apps/accounts/tests/test_models.py::TestCustomUser::test_username_unico
ERROR apps/accounts/tests/test_models.py::TestCustomUser::test_crear_superuser
ERROR apps/accounts/tests/test_models.py::TestCustomUser::test_str_retorna_username
ERROR apps/accounts/tests/test_models.py::TestPerfilKYC::test_estado_inicial_es_pending
ERROR apps/accounts/tests/test_models.py::TestPerfilKYC::test_transicion_pending_a_verified
ERROR apps/accounts/tests/test_models.py::TestPerfilKYC::test_puede_apostar_solo_si_verified
ERROR apps/accounts/tests/test_models.py::TestPerfilKYC::test_autoexclusion_temporal
ERROR apps/accounts/tests/test_models.py::TestPerfilKYC::test_autoexclusion_expirada
ERROR apps/accounts/tests/test_models.py::TestPerfilKYC::test_autoexclusion_indefinida
ERROR apps/accounts/tests/test_models.py::TestPerfilKYC::test_dni_unico - dja...
ERROR apps/accounts/tests/test_models.py::TestRegistroIdempotencia::test_crear_registro
ERROR apps/accounts/tests/test_models.py::TestRegistroIdempotencia::test_restriccion_unique_user_key
ERROR apps/accounts/tests/test_views.py::TestRegistroView::test_registro_exitoso
ERROR apps/accounts/tests/test_views.py::TestRegistroView::test_registro_menor_de_edad
ERROR apps/accounts/tests/test_views.py::TestRegistroView::test_registro_dni_invalido
ERROR apps/accounts/tests/test_views.py::TestRegistroView::test_registro_passwords_no_coinciden
ERROR apps/accounts/tests/test_views.py::TestRegistroView::test_registro_username_duplicado
ERROR apps/accounts/tests/test_views.py::TestLoginView::test_login_exitoso - ...
ERROR apps/accounts/tests/test_views.py::TestLoginView::test_login_credenciales_incorrectas
ERROR apps/accounts/tests/test_views.py::TestPerfilView::test_perfil_autenticado
ERROR apps/accounts/tests/test_views.py::TestPerfilView::test_perfil_sin_autenticacion
ERROR apps/accounts/tests/test_views.py::TestVerificarKYCView::test_staff_puede_verificar
ERROR apps/accounts/tests/test_views.py::TestVerificarKYCView::test_no_staff_no_puede_verificar
ERROR apps/accounts/tests/test_views.py::TestLimitesView::test_ver_limites - ...
ERROR apps/accounts/tests/test_views.py::TestLimitesView::test_bajar_limite_inmediato
ERROR apps/accounts/tests/test_views.py::TestLimitesView::test_subir_limite_requiere_cooldown
ERROR apps/accounts/tests/test_views.py::TestAutoexclusionView::test_autoexclusion_30_dias
ERROR apps/accounts/tests/test_views.py::TestAutoexclusionView::test_autoexclusion_indefinida
ERROR apps/accounts/tests/test_views.py::TestAutoexclusionView::test_duracion_invalida
ERROR apps/betting/tests.py::TestPlaceSimpleBet::test_exito_apuesta_simple - ...
ERROR apps/betting/tests.py::TestPlaceSimpleBet::test_politica_recotizacion_bloquea_cambios
ERROR apps/betting/tests.py::TestPlaceSimpleBet::test_idempotencia_evita_doble_ticket
ERROR apps/betting/tests.py::TestPlaceSimpleBet::test_stake_minimo_10_rechazado
ERROR apps/betting/tests.py::TestPlaceSimpleBet::test_limite_dinamico_20000_rechazado
ERROR apps/betting/tests.py::TestSettleBet::test_liquidar_apuesta_ganadora - ...
ERROR apps/betting/tests.py::TestSettleBet::test_liquidar_apuesta_perdedora
ERROR apps/betting/tests.py::TestSettleBet::test_liquidar_apuesta_anulada - d...
ERROR apps/betting/tests.py::TestSettleBet::test_evitar_doble_liquidacion - d...
ERROR apps/betting/tests.py::TestPlaceAccaBet::test_exito_apuesta_combinada
ERROR apps/betting/tests.py::TestPlaceAccaBet::test_bloqueo_seleccion_mutuamente_excluyente
ERROR apps/betting/tests.py::TestPlaceAccaBet::test_acca_mas_de_5_selecciones_rechazada
ERROR apps/betting/tests.py::TestSettleAccaBet::test_void_parcial_recalcula_cuota
ERROR apps/betting/tests.py::TestSettleAccaBet::test_lost_en_una_seleccion_pierde_todo
ERROR apps/betting/tests.py::TestCashOutBet::test_exito_cash_out_calculo_exacto
ERROR apps/betting/tests.py::TestCashOutBet::test_bloqueo_cash_out_apuesta_no_activa
ERROR apps/betting/tests.py::TestCashOutBet::test_cashout_rechazado_cuota_menor_a_1
ERROR apps/betting/tests.py::TestCashOutBet::test_cashout_bloqueado_10_min_antes
ERROR apps/markets/tests.py::TestEventList::test_listar_eventos - django.db.u...
ERROR apps/markets/tests.py::TestEventList::test_filtrar_por_deporte - django...
ERROR apps/markets/tests.py::TestEventList::test_filtrar_por_estado - django....
ERROR apps/markets/tests.py::TestEventList::test_buscar_por_nombre - django.d...
ERROR apps/markets/tests.py::TestEventDetail::test_detalle_evento - django.db...
ERROR apps/markets/tests.py::TestEventDetail::test_evento_inexistente - djang...
ERROR apps/markets/tests.py::TestEventMarkets::test_mercados_de_evento - djan...
ERROR apps/markets/tests.py::TestMarketSelections::test_selecciones_de_mercado
ERROR apps/markets/tests.py::TestMarketSelections::test_odds_son_decimal - dj...
ERROR apps/markets/tests.py::TestEventModel::test_estado_inicial_es_scheduled
ERROR apps/markets/tests.py::TestEventModel::test_str_evento - django.db.util...
ERROR apps/markets/tests.py::TestMarketModel::test_mercado_activo_por_defecto
ERROR apps/markets/tests.py::TestMarketModel::test_str_mercado - django.db.ut...
ERROR apps/markets/tests.py::TestSelectionModel::test_seleccion_str - django....
ERROR apps/payments/tests.py::PaymentsAPITests::test_deposit_above_maximum_rejected
ERROR apps/payments/tests.py::PaymentsAPITests::test_deposit_below_minimum_rejected
ERROR apps/payments/tests.py::PaymentsAPITests::test_deposit_credits_balance_instantly
ERROR apps/payments/tests.py::PaymentsAPITests::test_deposit_idempotency_returns_same_transaction
ERROR apps/payments/tests.py::PaymentsAPITests::test_deposit_rejects_more_than_four_decimals
ERROR apps/payments/tests.py::PaymentsAPITests::test_deposit_requires_idempotency_key
ERROR apps/payments/tests.py::PaymentsAPITests::test_transactions_history_lists_movements
ERROR apps/payments/tests.py::PaymentsAPITests::test_withdraw_below_minimum_rejected
ERROR apps/payments/tests.py::PaymentsAPITests::test_withdraw_insufficient_funds_rejected
ERROR apps/payments/tests.py::PaymentsAPITests::test_withdraw_without_kyc_forbidden
ERROR apps/wallet/tests/test_api.py::test_wallet_balance_endpoint_returns_derived_balance
ERROR apps/wallet/tests/test_api.py::test_wallet_balance_endpoint_returns_account_breakdown
ERROR apps/wallet/tests/test_api.py::test_wallet_history_endpoint_returns_movements_ordered_without_sensitive_accounts
ERROR apps/wallet/tests/test_api.py::test_wallet_deposit_endpoint_requires_idempotency_key
ERROR apps/wallet/tests/test_api.py::test_wallet_deposit_endpoint_creates_simulated_deposit
ERROR apps/wallet/tests/test_api.py::test_wallet_deposit_endpoint_rejects_float_amount
ERROR apps/wallet/tests/test_api.py::test_wallet_deposit_endpoint_replays_same_idempotency_key
ERROR apps/wallet/tests/test_api.py::test_wallet_deposit_endpoint_rejects_idempotency_conflict
ERROR apps/wallet/tests/test_api.py::test_wallet_withdraw_endpoint_requires_idempotency_key
ERROR apps/wallet/tests/test_api.py::test_wallet_withdraw_endpoint_creates_simulated_withdrawal
ERROR apps/wallet/tests/test_api.py::test_wallet_withdraw_endpoint_rejects_insufficient_balance
ERROR apps/wallet/tests/test_api.py::test_wallet_bonuses_endpoint_lists_promotional_campaigns
ERROR apps/wallet/tests/test_api.py::test_wallet_bonus_redeem_endpoint_applies_welcome_bonus
ERROR apps/wallet/tests/test_audit.py::test_deposit_simulated_emits_audit_event
ERROR apps/wallet/tests/test_audit.py::test_withdraw_simulated_emits_audit_event
ERROR apps/wallet/tests/test_audit.py::test_internal_transfer_emits_audit_event
ERROR apps/wallet/tests/test_audit.py::test_failed_wallet_operation_does_not_emit_audit_event
ERROR apps/wallet/tests/test_audit.py::test_idempotent_replay_does_not_emit_duplicate_audit_event
ERROR apps/wallet/tests/test_balance.py::test_wallet_balance_starts_at_zero_without_movements
ERROR apps/wallet/tests/test_balance.py::test_credit_in_user_wallet_increases_balance
ERROR apps/wallet/tests/test_balance.py::test_debit_in_user_wallet_reduces_balance
ERROR apps/wallet/tests/test_balance.py::test_house_movements_do_not_affect_user_wallet_balance
ERROR apps/wallet/tests/test_balance.py::test_wallet_balance_is_not_read_from_user_balance_field
ERROR apps/wallet/tests/test_balance.py::test_wallet_balance_sums_multiple_transactions_for_user_wallet_only
ERROR apps/wallet/tests/test_bonus_services.py::test_seed_default_bonus_campaigns_creates_three_campaigns
ERROR apps/wallet/tests/test_bonus_services.py::test_redeem_welcome_bonus_once_and_credit_bonus_balance
ERROR apps/wallet/tests/test_bonus_services.py::test_welcome_bonus_double_redemption_fails
ERROR apps/wallet/tests/test_bonus_services.py::test_first_deposit_bonus_fails_without_sufficient_first_deposit
ERROR apps/wallet/tests/test_bonus_services.py::test_first_deposit_bonus_credits_thirty_when_condition_is_met
ERROR apps/wallet/tests/test_bonus_services.py::test_responsible_gaming_bonus_credits_twenty_when_limit_exists
ERROR apps/wallet/tests/test_bonus_services.py::test_unknown_bonus_code_raises_controlled_error
ERROR apps/wallet/tests/test_bonus_services.py::test_bonus_transaction_is_balanced
ERROR apps/wallet/tests/test_bonus_services.py::test_bonus_balance_is_derived_from_ledger_entries
ERROR apps/wallet/tests/test_bonus_services.py::test_withdrawal_is_blocked_until_bonus_bets_are_completed
ERROR apps/wallet/tests/test_idempotency.py::test_deposit_simulated_with_same_idempotency_key_creates_only_one_transaction
ERROR apps/wallet/tests/test_idempotency.py::test_deposit_simulated_rejects_same_idempotency_key_with_different_payload
ERROR apps/wallet/tests/test_idempotency.py::test_withdraw_simulated_with_same_idempotency_key_creates_only_one_transaction
ERROR apps/wallet/tests/test_idempotency.py::test_withdraw_simulated_rejects_same_idempotency_key_with_different_payload
ERROR apps/wallet/tests/test_idempotency.py::test_internal_transfer_with_same_idempotency_key_creates_only_one_transaction
ERROR apps/wallet/tests/test_idempotency.py::test_internal_transfer_rejects_same_idempotency_key_with_different_payload
ERROR apps/wallet/tests/test_models.py::test_ledger_entry_amount_must_be_greater_than_zero
ERROR apps/wallet/tests/test_models.py::test_house_account_allows_null_account_owner
ERROR apps/wallet/tests/test_models.py::test_user_owned_accounts_require_account_owner[USER_WALLET]
ERROR apps/wallet/tests/test_models.py::test_user_owned_accounts_require_account_owner[PENDING_BETS]
ERROR apps/wallet/tests/test_models.py::test_user_owned_accounts_require_account_owner[BONUS]
ERROR apps/wallet/tests/test_properties.py::test_property_every_service_transaction_is_balanced
ERROR apps/wallet/tests/test_properties.py::test_property_valid_deposit_withdraw_sequences_never_make_balance_negative
ERROR apps/wallet/tests/test_properties.py::test_property_valid_amounts_are_preserved_as_decimal_with_four_places
ERROR apps/wallet/tests/test_services.py::test_deposit_simulated_creates_balanced_deposit_and_increases_balance
ERROR apps/wallet/tests/test_services.py::test_withdraw_simulated_creates_balanced_withdrawal_and_reduces_balance
ERROR apps/wallet/tests/test_services.py::test_internal_transfer_creates_balanced_debit_and_credit_entries
ERROR apps/wallet/tests/test_services.py::test_withdraw_simulated_fails_without_sufficient_balance_and_creates_no_entries
ERROR apps/wallet/tests/test_services.py::test_failed_operation_does_not_leave_partial_transaction_or_entries
ERROR apps/wallet/tests/test_concurrency.py::test_concurrent_withdrawals_do_not_overspend_wallet
================== 37 passed, 1 warning, 127 errors in 12.06s ==================
